#
# A fatal error has been detected by the Java Runtime Environment:
#
#  SIGSEGV (0xb) at pc=0x00007ff81097b31f, pid=19912, tid=43547
#
# JRE version: Java(TM) SE Runtime Environment (18.0.2.1+1) (build 18.0.2.1+1-1)
# Java VM: Java HotSpot(TM) 64-Bit Server VM (18.0.2.1+1-1, mixed mode, sharing, tiered, compressed oops, compressed class ptrs, g1 gc, bsd-amd64)
# Problematic frame:
# C  [libobjc.A.dylib+0x931f]  objc_release+0x1f
#
# No core dump will be written. Core dumps have been disabled. To enable core dumping, try "ulimit -c unlimited" before starting Java again
#
# If you would like to submit a bug report, please visit:
#   https://bugreport.java.com/bugreport/crash.jsp
#

---------------  S U M M A R Y ------------

Command Line: -XX:+ShowCodeDetailsInExceptionMessages WebcamViewerExample

Host: "MacBookAir10,1" x86_64 (EMULATED) 2400 MHz, 8 cores, 16G, Darwin 21.6.0, macOS 12.6 (21G115)
Time: Thu Nov 17 09:51:13 2022 PST elapsed time: 19.999605 seconds (0d 0h 0m 19s)

---------------  T H R E A D  ---------------

Current thread is native thread

Stack: [0x000000030a0b1000,0x000000030a134000],  sp=0x000000030a133818,  free space=522k
Native frames: (J=compiled Java code, j=interpreted, Vv=VM code, C=native code)
C  [libobjc.A.dylib+0x931f]  objc_release+0x1f
C  [AVFCapture+0x317dc]  __56-[AVCaptureVideoDataOutput_Tundra _render:sampleBuffer:]_block_invoke+0xe6
C  [libdispatch.dylib+0x20cc]  _dispatch_call_block_and_release+0xc
C  [libdispatch.dylib+0x3317]  _dispatch_client_callout+0x8
C  [libdispatch.dylib+0x9317]  _dispatch_lane_serial_drain+0x2a0
C  [libdispatch.dylib+0x9dfd]  _dispatch_lane_invoke+0x16e
C  [libdispatch.dylib+0x13eee]  _dispatch_workloop_worker_thread+0x2f1
C  [libsystem_pthread.dylib+0x2fd0]  _pthread_wqthread+0x146
C  [libsystem_pthread.dylib+0x1f57]  start_wqthread+0xf


siginfo: si_signo: 11 (SIGSEGV), si_code: 1 (SEGV_MAPERR), si_addr: 0x000007fd48c3dc40

Registers:
RAX=0x800007fd48c3dc21, RBX=0x00007ff810978700, RCX=0x000007fd48c3dc20, RDX=0x00007ff81099e7a8
RSP=0x000000030a133818, RBP=0x000000030a133860, RSI=0x0000000000000000, RDI=0x00007fd48c533a10
R8 =0x0000000002187991, R9 =0xffffffff00000000, R10=0x00007fd48c6781c8, R11=0x00007ff8119176f5
R12=0x00007ff82b1ac3a9, R13=0x00007fd489908710, R14=0x00007fd489908130, R15=0x00007fd48c677310
RIP=0x00007ff81097b31f, EFLAGS=0x0000000000000246, ERR=0x0000000000000004
  TRAPNO=0x000000000000000e

Top of Stack: (sp=0x000000030a133818)
0x000000030a133818:   000000014370b52b 00007fd489908130
0x000000030a133828:   00007fd48980ad80 00007fd48980ad80
0x000000030a133838:   00007fd48c677310 00007fd489908130
0x000000030a133848:   00007fd48c68cee0 00007ff82bb62fb6
0x000000030a133858:   00007fd48c677b00 000000030a1338c0
0x000000030a133868:   00007ff9108477dc 00007ff82b1baae9
0x000000030a133878:   00007ff82bb62fb6 00007ff82bb62fea
0x000000030a133888:   00007fd48b00c040 00007fd48c677310
0x000000030a133898:   00007fd489908710 0000000000000000
0x000000030a1338a8:   0000000000000114 0000000000000000
0x000000030a1338b8:   0000000000000000 000000030a1338e0
0x000000030a1338c8:   00007ff81092d0cc 000000010d004080
0x000000030a1338d8:   000000010c804040 000000030a133900
0x000000030a1338e8:   00007ff81092e317 000000010d004080
0x000000030a1338f8:   000000010c804040 000000030a1339a0
0x000000030a133908:   00007ff810934317 00007ff8521fc8c0
0x000000030a133918:   00007fd48c69fe40 00007ff8521fc8c0
0x000000030a133928:   0000000000000000 000000030a1339b0
0x000000030a133938:   0000000000000000 000000030a133a60
0x000000030a133948:   000000030a1339f0 0000000000000002
0x000000030a133958:   0000000000010000 00007fd48c69fea8
0x000000030a133968:   00007fd48c69fe70 000300028c69fe40
0x000000030a133978:   0000000000030002 00007fd48c69fe40
0x000000030a133988:   00007ff8521fc8c0 0000000000000002
0x000000030a133998:   000000030a133a60 000000030a133a20
0x000000030a1339a8:   00007ff810934dfd 00007fd48c69fe40
0x000000030a1339b8:   0000000000000111 0000000000000000
0x000000030a1339c8:   0000000000000000 00007fd48c69fe78
0x000000030a1339d8:   0000003700000001 0000000084004000
0x000000030a1339e8:   000300021094c98c 0040020000000001
0x000000030a1339f8:   000000030a1340a0 00007fd48c69fe40
0x000000030a133a08:   0000002000000000 00007fd48c69fe40 

Instructions: (pc=0x00007ff81097b31f)
0x00007ff81097b21f:   4a 08 48 8b 0d 28 4f 8a 41 48 89 4a 10 48 8b 0d
0x00007ff81097b22f:   25 4f 8a 41 48 89 4a 18 48 8b 0d 22 4f 8a 41 48
0x00007ff81097b23f:   89 4a 20 b9 05 00 00 00 48 89 df 48 89 c6 e8 bd
0x00007ff81097b24f:   99 01 00 84 c0 75 23 66 f0 41 81 4e 1c 00 80 48
0x00007ff81097b25f:   8b 05 cb 6c e6 3f 48 8b 00 48 3b 45 e0 75 2c 48
0x00007ff81097b26f:   83 c4 48 5b 41 5e 41 5f 5d c3 31 c0 80 3d 3e 61
0x00007ff81097b27f:   8a 41 00 74 da 0f b6 d0 4c 89 f7 be 02 00 00 00
0x00007ff81097b28f:   e8 02 e3 01 00 eb c8 b0 01 eb e1 e8 17 ed 01 00
0x00007ff81097b29f:   90 90 e9 02 00 00 00 90 90 40 f6 c7 01 75 4e 48
0x00007ff81097b2af:   8b 07 a8 01 74 34 48 b9 00 00 00 00 00 00 00 01
0x00007ff81097b2bf:   48 89 c2 48 c1 ea 37 74 34 48 89 c2 48 01 ca 72
0x00007ff81097b2cf:   12 f0 48 0f b1 17 74 25 a8 01 75 e4 31 f6 e9 58
0x00007ff81097b2df:   cf 01 00 31 f6 e9 e7 82 00 00 48 b9 f8 ff ff ff
0x00007ff81097b2ef:   ff 7f 00 00 48 21 c8 f6 40 1c 01 74 df 48 89 f8
0x00007ff81097b2ff:   c3 48 85 ff 74 76 89 f8 83 e0 01 48 85 c0 75 6c
0x00007ff81097b30f:   48 8b 07 48 b9 f8 ff ff ff ff 7f 00 00 48 21 c1
0x00007ff81097b31f:   48 8b 51 20 f6 c2 04 74 54 a8 01 74 72 48 b9 00
0x00007ff81097b32f:   00 00 00 00 00 80 00 48 ba 00 00 00 00 00 00 00
0x00007ff81097b33f:   01 48 39 c8 72 36 48 89 c6 48 29 d6 72 17 f0 48
0x00007ff81097b34f:   0f b1 37 74 22 a8 01 75 e8 31 f6 ba 01 00 00 00
0x00007ff81097b35f:   e9 66 cb 01 00 48 85 c8 75 3d 48 8b 35 18 4e 8a
0x00007ff81097b36f:   41 ff 25 da 6d e6 3f 48 39 ce 72 ee c3 66 83 79
0x00007ff81097b37f:   1c 00 79 0e 83 e2 02 48 85 d2 74 06 f6 41 28 02
0x00007ff81097b38f:   75 1f 48 8b 35 40 4d 8a 41 ff 25 b2 6d e6 3f f6
0x00007ff81097b39f:   41 1c 01 74 b4 eb d5 be 01 00 00 00 e9 dc a2 00
0x00007ff81097b3af:   00 48 8b 05 01 ff 85 41 ff e0 90 90 90 90 90 90
0x00007ff81097b3bf:   90 90 90 90 90 90 90 90 90 e9 04 00 00 00 90 90
0x00007ff81097b3cf:   90 90 55 48 89 e5 53 50 48 89 fb f6 c3 01 75 21
0x00007ff81097b3df:   48 b8 07 00 00 00 00 00 a0 00 48 23 03 48 83 f8
0x00007ff81097b3ef:   01 75 15 48 89 df 48 83 c4 08 5b 5d e9 8e ec 01
0x00007ff81097b3ff:   00 48 83 c4 08 5b 5d c3 48 89 df e8 11 00 00 00
0x00007ff81097b40f:   eb e1 90 90 90 90 90 90 90 90 90 90 90 90 90 90 



---------------  P R O C E S S  ---------------

VM state: not at safepoint (normal execution)

VM Mutex/Monitor currently owned by a thread: None

Heap address: 0x0000000700000000, size: 4096 MB, Compressed Oops mode: Zero based, Oop shift amount: 3

CDS archive(s) mapped at: [0x0000000800000000-0x0000000800ba8000-0x0000000800ba8000), size 12222464, SharedBaseAddress: 0x0000000800000000, ArchiveRelocationMode: 0.
Compressed class space mapped at: 0x0000000800c00000-0x0000000840c00000, reserved size: 1073741824
Narrow klass base: 0x0000000800000000, Narrow klass shift: 0, Narrow klass range: 0x100000000

GC Precious Log:
<Skipped>

Heap:
 garbage-first heap   total 266240K, used 62553K [0x0000000700000000, 0x0000000800000000)
  region size 2048K, 26 young (53248K), 2 survivors (4096K)
 Metaspace       used 13124K, committed 13312K, reserved 1114112K
  class space    used 1520K, committed 1600K, reserved 1048576K

Heap Regions: E=young(eden), S=young(survivor), O=old, HS=humongous(starts), HC=humongous(continues), CS=collection set, F=free, OA=open archive, CA=closed archive, TAMS=top-at-mark-start (previous, next)
|   0|0x0000000700000000, 0x0000000700200000, 0x0000000700200000|100%|HS|  |TAMS 0x0000000700000000, 0x0000000700000000| Complete 
|   1|0x0000000700200000, 0x0000000700400000, 0x0000000700400000|100%|HS|  |TAMS 0x0000000700200000, 0x0000000700200000| Complete 
|   2|0x0000000700400000, 0x0000000700600000, 0x0000000700600000|100%| O|  |TAMS 0x0000000700400000, 0x0000000700400000| Untracked 
|   3|0x0000000700600000, 0x0000000700800000, 0x0000000700800000|100%| O|  |TAMS 0x0000000700600000, 0x0000000700600000| Untracked 
|   4|0x0000000700800000, 0x0000000700888600, 0x0000000700a00000| 26%| O|  |TAMS 0x0000000700800000, 0x0000000700800000| Untracked 
|   5|0x0000000700a00000, 0x0000000700a00000, 0x0000000700c00000|  0%| F|  |TAMS 0x0000000700a00000, 0x0000000700a00000| Untracked 
|   6|0x0000000700c00000, 0x0000000700c00000, 0x0000000700e00000|  0%| F|  |TAMS 0x0000000700c00000, 0x0000000700c00000| Untracked 
|   7|0x0000000700e00000, 0x0000000700e00000, 0x0000000701000000|  0%| F|  |TAMS 0x0000000700e00000, 0x0000000700e00000| Untracked 
|   8|0x0000000701000000, 0x0000000701000000, 0x0000000701200000|  0%| F|  |TAMS 0x0000000701000000, 0x0000000701000000| Untracked 
|   9|0x0000000701200000, 0x0000000701200000, 0x0000000701400000|  0%| F|  |TAMS 0x0000000701200000, 0x0000000701200000| Untracked 
|  10|0x0000000701400000, 0x0000000701400000, 0x0000000701600000|  0%| F|  |TAMS 0x0000000701400000, 0x0000000701400000| Untracked 
|  11|0x0000000701600000, 0x0000000701600000, 0x0000000701800000|  0%| F|  |TAMS 0x0000000701600000, 0x0000000701600000| Untracked 
|  12|0x0000000701800000, 0x0000000701800000, 0x0000000701a00000|  0%| F|  |TAMS 0x0000000701800000, 0x0000000701800000| Untracked 
|  13|0x0000000701a00000, 0x0000000701a00000, 0x0000000701c00000|  0%| F|  |TAMS 0x0000000701a00000, 0x0000000701a00000| Untracked 
|  14|0x0000000701c00000, 0x0000000701c00000, 0x0000000701e00000|  0%| F|  |TAMS 0x0000000701c00000, 0x0000000701c00000| Untracked 
|  15|0x0000000701e00000, 0x0000000701e00000, 0x0000000702000000|  0%| F|  |TAMS 0x0000000701e00000, 0x0000000701e00000| Untracked 
|  16|0x0000000702000000, 0x0000000702000000, 0x0000000702200000|  0%| F|  |TAMS 0x0000000702000000, 0x0000000702000000| Untracked 
|  17|0x0000000702200000, 0x0000000702200000, 0x0000000702400000|  0%| F|  |TAMS 0x0000000702200000, 0x0000000702200000| Untracked 
|  18|0x0000000702400000, 0x0000000702400000, 0x0000000702600000|  0%| F|  |TAMS 0x0000000702400000, 0x0000000702400000| Untracked 
|  19|0x0000000702600000, 0x0000000702600000, 0x0000000702800000|  0%| F|  |TAMS 0x0000000702600000, 0x0000000702600000| Untracked 
|  20|0x0000000702800000, 0x0000000702800000, 0x0000000702a00000|  0%| F|  |TAMS 0x0000000702800000, 0x0000000702800000| Untracked 
|  21|0x0000000702a00000, 0x0000000702a00000, 0x0000000702c00000|  0%| F|  |TAMS 0x0000000702a00000, 0x0000000702a00000| Untracked 
|  22|0x0000000702c00000, 0x0000000702c00000, 0x0000000702e00000|  0%| F|  |TAMS 0x0000000702c00000, 0x0000000702c00000| Untracked 
|  23|0x0000000702e00000, 0x0000000702e00000, 0x0000000703000000|  0%| F|  |TAMS 0x0000000702e00000, 0x0000000702e00000| Untracked 
|  24|0x0000000703000000, 0x0000000703000000, 0x0000000703200000|  0%| F|  |TAMS 0x0000000703000000, 0x0000000703000000| Untracked 
|  25|0x0000000703200000, 0x0000000703200000, 0x0000000703400000|  0%| F|  |TAMS 0x0000000703200000, 0x0000000703200000| Untracked 
|  26|0x0000000703400000, 0x0000000703400000, 0x0000000703600000|  0%| F|  |TAMS 0x0000000703400000, 0x0000000703400000| Untracked 
|  27|0x0000000703600000, 0x0000000703600000, 0x0000000703800000|  0%| F|  |TAMS 0x0000000703600000, 0x0000000703600000| Untracked 
|  28|0x0000000703800000, 0x0000000703800000, 0x0000000703a00000|  0%| F|  |TAMS 0x0000000703800000, 0x0000000703800000| Untracked 
|  29|0x0000000703a00000, 0x0000000703a00000, 0x0000000703c00000|  0%| F|  |TAMS 0x0000000703a00000, 0x0000000703a00000| Untracked 
|  30|0x0000000703c00000, 0x0000000703c00000, 0x0000000703e00000|  0%| F|  |TAMS 0x0000000703c00000, 0x0000000703c00000| Untracked 
|  31|0x0000000703e00000, 0x0000000703e00000, 0x0000000704000000|  0%| F|  |TAMS 0x0000000703e00000, 0x0000000703e00000| Untracked 
|  32|0x0000000704000000, 0x0000000704000000, 0x0000000704200000|  0%| F|  |TAMS 0x0000000704000000, 0x0000000704000000| Untracked 
|  33|0x0000000704200000, 0x0000000704200000, 0x0000000704400000|  0%| F|  |TAMS 0x0000000704200000, 0x0000000704200000| Untracked 
|  34|0x0000000704400000, 0x0000000704400000, 0x0000000704600000|  0%| F|  |TAMS 0x0000000704400000, 0x0000000704400000| Untracked 
|  35|0x0000000704600000, 0x0000000704600000, 0x0000000704800000|  0%| F|  |TAMS 0x0000000704600000, 0x0000000704600000| Untracked 
|  36|0x0000000704800000, 0x0000000704800000, 0x0000000704a00000|  0%| F|  |TAMS 0x0000000704800000, 0x0000000704800000| Untracked 
|  37|0x0000000704a00000, 0x0000000704a00000, 0x0000000704c00000|  0%| F|  |TAMS 0x0000000704a00000, 0x0000000704a00000| Untracked 
|  38|0x0000000704c00000, 0x0000000704c00000, 0x0000000704e00000|  0%| F|  |TAMS 0x0000000704c00000, 0x0000000704c00000| Untracked 
|  39|0x0000000704e00000, 0x0000000704e00000, 0x0000000705000000|  0%| F|  |TAMS 0x0000000704e00000, 0x0000000704e00000| Untracked 
|  40|0x0000000705000000, 0x0000000705000000, 0x0000000705200000|  0%| F|  |TAMS 0x0000000705000000, 0x0000000705000000| Untracked 
|  41|0x0000000705200000, 0x0000000705200000, 0x0000000705400000|  0%| F|  |TAMS 0x0000000705200000, 0x0000000705200000| Untracked 
|  42|0x0000000705400000, 0x0000000705400000, 0x0000000705600000|  0%| F|  |TAMS 0x0000000705400000, 0x0000000705400000| Untracked 
|  43|0x0000000705600000, 0x0000000705600000, 0x0000000705800000|  0%| F|  |TAMS 0x0000000705600000, 0x0000000705600000| Untracked 
|  44|0x0000000705800000, 0x0000000705800000, 0x0000000705a00000|  0%| F|  |TAMS 0x0000000705800000, 0x0000000705800000| Untracked 
|  45|0x0000000705a00000, 0x0000000705a00000, 0x0000000705c00000|  0%| F|  |TAMS 0x0000000705a00000, 0x0000000705a00000| Untracked 
|  46|0x0000000705c00000, 0x0000000705c00000, 0x0000000705e00000|  0%| F|  |TAMS 0x0000000705c00000, 0x0000000705c00000| Untracked 
|  47|0x0000000705e00000, 0x0000000705e00000, 0x0000000706000000|  0%| F|  |TAMS 0x0000000705e00000, 0x0000000705e00000| Untracked 
|  48|0x0000000706000000, 0x0000000706000000, 0x0000000706200000|  0%| F|  |TAMS 0x0000000706000000, 0x0000000706000000| Untracked 
|  49|0x0000000706200000, 0x0000000706200000, 0x0000000706400000|  0%| F|  |TAMS 0x0000000706200000, 0x0000000706200000| Untracked 
|  50|0x0000000706400000, 0x0000000706524160, 0x0000000706600000| 57%| S|CS|TAMS 0x0000000706400000, 0x0000000706400000| Complete 
|  51|0x0000000706600000, 0x0000000706800000, 0x0000000706800000|100%| S|CS|TAMS 0x0000000706600000, 0x0000000706600000| Complete 
|  52|0x0000000706800000, 0x0000000706800000, 0x0000000706a00000|  0%| F|  |TAMS 0x0000000706800000, 0x0000000706800000| Untracked 
|  53|0x0000000706a00000, 0x0000000706a00000, 0x0000000706c00000|  0%| F|  |TAMS 0x0000000706a00000, 0x0000000706a00000| Untracked 
|  54|0x0000000706c00000, 0x0000000706c00000, 0x0000000706e00000|  0%| F|  |TAMS 0x0000000706c00000, 0x0000000706c00000| Untracked 
|  55|0x0000000706e00000, 0x0000000706e00000, 0x0000000707000000|  0%| F|  |TAMS 0x0000000706e00000, 0x0000000706e00000| Untracked 
|  56|0x0000000707000000, 0x0000000707000000, 0x0000000707200000|  0%| F|  |TAMS 0x0000000707000000, 0x0000000707000000| Untracked 
|  57|0x0000000707200000, 0x0000000707200000, 0x0000000707400000|  0%| F|  |TAMS 0x0000000707200000, 0x0000000707200000| Untracked 
|  58|0x0000000707400000, 0x0000000707400000, 0x0000000707600000|  0%| F|  |TAMS 0x0000000707400000, 0x0000000707400000| Untracked 
|  59|0x0000000707600000, 0x0000000707600000, 0x0000000707800000|  0%| F|  |TAMS 0x0000000707600000, 0x0000000707600000| Untracked 
|  60|0x0000000707800000, 0x0000000707800000, 0x0000000707a00000|  0%| F|  |TAMS 0x0000000707800000, 0x0000000707800000| Untracked 
|  61|0x0000000707a00000, 0x0000000707a00000, 0x0000000707c00000|  0%| F|  |TAMS 0x0000000707a00000, 0x0000000707a00000| Untracked 
|  62|0x0000000707c00000, 0x0000000707c00000, 0x0000000707e00000|  0%| F|  |TAMS 0x0000000707c00000, 0x0000000707c00000| Untracked 
|  63|0x0000000707e00000, 0x0000000707e00000, 0x0000000708000000|  0%| F|  |TAMS 0x0000000707e00000, 0x0000000707e00000| Untracked 
|  64|0x0000000708000000, 0x0000000708000000, 0x0000000708200000|  0%| F|  |TAMS 0x0000000708000000, 0x0000000708000000| Untracked 
|  65|0x0000000708200000, 0x0000000708200000, 0x0000000708400000|  0%| F|  |TAMS 0x0000000708200000, 0x0000000708200000| Untracked 
|  66|0x0000000708400000, 0x0000000708400000, 0x0000000708600000|  0%| F|  |TAMS 0x0000000708400000, 0x0000000708400000| Untracked 
|  67|0x0000000708600000, 0x0000000708600000, 0x0000000708800000|  0%| F|  |TAMS 0x0000000708600000, 0x0000000708600000| Untracked 
|  68|0x0000000708800000, 0x0000000708800000, 0x0000000708a00000|  0%| F|  |TAMS 0x0000000708800000, 0x0000000708800000| Untracked 
|  69|0x0000000708a00000, 0x0000000708a00000, 0x0000000708c00000|  0%| F|  |TAMS 0x0000000708a00000, 0x0000000708a00000| Untracked 
|  70|0x0000000708c00000, 0x0000000708c00000, 0x0000000708e00000|  0%| F|  |TAMS 0x0000000708c00000, 0x0000000708c00000| Untracked 
|  71|0x0000000708e00000, 0x0000000708e00000, 0x0000000709000000|  0%| F|  |TAMS 0x0000000708e00000, 0x0000000708e00000| Untracked 
|  72|0x0000000709000000, 0x0000000709000000, 0x0000000709200000|  0%| F|  |TAMS 0x0000000709000000, 0x0000000709000000| Untracked 
|  73|0x0000000709200000, 0x0000000709200000, 0x0000000709400000|  0%| F|  |TAMS 0x0000000709200000, 0x0000000709200000| Untracked 
|  74|0x0000000709400000, 0x0000000709400000, 0x0000000709600000|  0%| F|  |TAMS 0x0000000709400000, 0x0000000709400000| Untracked 
|  75|0x0000000709600000, 0x0000000709600000, 0x0000000709800000|  0%| F|  |TAMS 0x0000000709600000, 0x0000000709600000| Untracked 
|  76|0x0000000709800000, 0x0000000709800000, 0x0000000709a00000|  0%| F|  |TAMS 0x0000000709800000, 0x0000000709800000| Untracked 
|  77|0x0000000709a00000, 0x0000000709a00000, 0x0000000709c00000|  0%| F|  |TAMS 0x0000000709a00000, 0x0000000709a00000| Untracked 
|  78|0x0000000709c00000, 0x0000000709c00000, 0x0000000709e00000|  0%| F|  |TAMS 0x0000000709c00000, 0x0000000709c00000| Untracked 
|  79|0x0000000709e00000, 0x0000000709e00000, 0x000000070a000000|  0%| F|  |TAMS 0x0000000709e00000, 0x0000000709e00000| Untracked 
|  80|0x000000070a000000, 0x000000070a000000, 0x000000070a200000|  0%| F|  |TAMS 0x000000070a000000, 0x000000070a000000| Untracked 
|  81|0x000000070a200000, 0x000000070a200000, 0x000000070a400000|  0%| F|  |TAMS 0x000000070a200000, 0x000000070a200000| Untracked 
|  82|0x000000070a400000, 0x000000070a400000, 0x000000070a600000|  0%| F|  |TAMS 0x000000070a400000, 0x000000070a400000| Untracked 
|  83|0x000000070a600000, 0x000000070a600000, 0x000000070a800000|  0%| F|  |TAMS 0x000000070a600000, 0x000000070a600000| Untracked 
|  84|0x000000070a800000, 0x000000070a800000, 0x000000070aa00000|  0%| F|  |TAMS 0x000000070a800000, 0x000000070a800000| Untracked 
|  85|0x000000070aa00000, 0x000000070aa00000, 0x000000070ac00000|  0%| F|  |TAMS 0x000000070aa00000, 0x000000070aa00000| Untracked 
|  86|0x000000070ac00000, 0x000000070ac00000, 0x000000070ae00000|  0%| F|  |TAMS 0x000000070ac00000, 0x000000070ac00000| Untracked 
|  87|0x000000070ae00000, 0x000000070ae00000, 0x000000070b000000|  0%| F|  |TAMS 0x000000070ae00000, 0x000000070ae00000| Untracked 
|  88|0x000000070b000000, 0x000000070b000000, 0x000000070b200000|  0%| F|  |TAMS 0x000000070b000000, 0x000000070b000000| Untracked 
|  89|0x000000070b200000, 0x000000070b200000, 0x000000070b400000|  0%| F|  |TAMS 0x000000070b200000, 0x000000070b200000| Untracked 
|  90|0x000000070b400000, 0x000000070b400000, 0x000000070b600000|  0%| F|  |TAMS 0x000000070b400000, 0x000000070b400000| Untracked 
|  91|0x000000070b600000, 0x000000070b600000, 0x000000070b800000|  0%| F|  |TAMS 0x000000070b600000, 0x000000070b600000| Untracked 
|  92|0x000000070b800000, 0x000000070b800000, 0x000000070ba00000|  0%| F|  |TAMS 0x000000070b800000, 0x000000070b800000| Untracked 
|  93|0x000000070ba00000, 0x000000070ba00000, 0x000000070bc00000|  0%| F|  |TAMS 0x000000070ba00000, 0x000000070ba00000| Untracked 
|  94|0x000000070bc00000, 0x000000070bc00000, 0x000000070be00000|  0%| F|  |TAMS 0x000000070bc00000, 0x000000070bc00000| Untracked 
|  95|0x000000070be00000, 0x000000070be00000, 0x000000070c000000|  0%| F|  |TAMS 0x000000070be00000, 0x000000070be00000| Untracked 
|  96|0x000000070c000000, 0x000000070c000000, 0x000000070c200000|  0%| F|  |TAMS 0x000000070c000000, 0x000000070c000000| Untracked 
|  97|0x000000070c200000, 0x000000070c200000, 0x000000070c400000|  0%| F|  |TAMS 0x000000070c200000, 0x000000070c200000| Untracked 
|  98|0x000000070c400000, 0x000000070c400000, 0x000000070c600000|  0%| F|  |TAMS 0x000000070c400000, 0x000000070c400000| Untracked 
|  99|0x000000070c600000, 0x000000070c600000, 0x000000070c800000|  0%| F|  |TAMS 0x000000070c600000, 0x000000070c600000| Untracked 
| 100|0x000000070c800000, 0x000000070c800000, 0x000000070ca00000|  0%| F|  |TAMS 0x000000070c800000, 0x000000070c800000| Untracked 
| 101|0x000000070ca00000, 0x000000070ca00000, 0x000000070cc00000|  0%| F|  |TAMS 0x000000070ca00000, 0x000000070ca00000| Untracked 
| 102|0x000000070cc00000, 0x000000070cc00000, 0x000000070ce00000|  0%| F|  |TAMS 0x000000070cc00000, 0x000000070cc00000| Untracked 
| 103|0x000000070ce00000, 0x000000070ce00000, 0x000000070d000000|  0%| F|  |TAMS 0x000000070ce00000, 0x000000070ce00000| Untracked 
| 104|0x000000070d000000, 0x000000070d1c2020, 0x000000070d200000| 87%| E|  |TAMS 0x000000070d000000, 0x000000070d000000| Complete 
| 105|0x000000070d200000, 0x000000070d3c2020, 0x000000070d400000| 87%| E|  |TAMS 0x000000070d200000, 0x000000070d200000| Complete 
| 106|0x000000070d400000, 0x000000070d600000, 0x000000070d600000|100%| E|CS|TAMS 0x000000070d400000, 0x000000070d400000| Complete 
| 107|0x000000070d600000, 0x000000070d800000, 0x000000070d800000|100%| E|CS|TAMS 0x000000070d600000, 0x000000070d600000| Complete 
| 108|0x000000070d800000, 0x000000070da00000, 0x000000070da00000|100%| E|CS|TAMS 0x000000070d800000, 0x000000070d800000| Complete 
| 109|0x000000070da00000, 0x000000070dc00000, 0x000000070dc00000|100%| E|CS|TAMS 0x000000070da00000, 0x000000070da00000| Complete 
| 110|0x000000070dc00000, 0x000000070de00000, 0x000000070de00000|100%| E|CS|TAMS 0x000000070dc00000, 0x000000070dc00000| Complete 
| 111|0x000000070de00000, 0x000000070e000000, 0x000000070e000000|100%| E|CS|TAMS 0x000000070de00000, 0x000000070de00000| Complete 
| 112|0x000000070e000000, 0x000000070e200000, 0x000000070e200000|100%| E|CS|TAMS 0x000000070e000000, 0x000000070e000000| Complete 
| 113|0x000000070e200000, 0x000000070e400000, 0x000000070e400000|100%| E|CS|TAMS 0x000000070e200000, 0x000000070e200000| Complete 
| 114|0x000000070e400000, 0x000000070e600000, 0x000000070e600000|100%| E|CS|TAMS 0x000000070e400000, 0x000000070e400000| Complete 
| 115|0x000000070e600000, 0x000000070e800000, 0x000000070e800000|100%| E|CS|TAMS 0x000000070e600000, 0x000000070e600000| Complete 
| 116|0x000000070e800000, 0x000000070ea00000, 0x000000070ea00000|100%| E|CS|TAMS 0x000000070e800000, 0x000000070e800000| Complete 
| 117|0x000000070ea00000, 0x000000070ec00000, 0x000000070ec00000|100%| E|CS|TAMS 0x000000070ea00000, 0x000000070ea00000| Complete 
| 118|0x000000070ec00000, 0x000000070ee00000, 0x000000070ee00000|100%| E|CS|TAMS 0x000000070ec00000, 0x000000070ec00000| Complete 
| 119|0x000000070ee00000, 0x000000070f000000, 0x000000070f000000|100%| E|CS|TAMS 0x000000070ee00000, 0x000000070ee00000| Complete 
| 120|0x000000070f000000, 0x000000070f200000, 0x000000070f200000|100%| E|CS|TAMS 0x000000070f000000, 0x000000070f000000| Complete 
| 121|0x000000070f200000, 0x000000070f400000, 0x000000070f400000|100%| E|CS|TAMS 0x000000070f200000, 0x000000070f200000| Complete 
| 122|0x000000070f400000, 0x000000070f600000, 0x000000070f600000|100%| E|CS|TAMS 0x000000070f400000, 0x000000070f400000| Complete 
| 123|0x000000070f600000, 0x000000070f800000, 0x000000070f800000|100%| E|CS|TAMS 0x000000070f600000, 0x000000070f600000| Complete 
| 124|0x000000070f800000, 0x000000070fa00000, 0x000000070fa00000|100%| E|CS|TAMS 0x000000070f800000, 0x000000070f800000| Complete 
| 125|0x000000070fa00000, 0x000000070fc00000, 0x000000070fc00000|100%| E|CS|TAMS 0x000000070fa00000, 0x000000070fa00000| Complete 
| 126|0x000000070fc00000, 0x000000070fe00000, 0x000000070fe00000|100%| E|CS|TAMS 0x000000070fc00000, 0x000000070fc00000| Complete 
| 127|0x000000070fe00000, 0x0000000710000000, 0x0000000710000000|100%| E|CS|TAMS 0x000000070fe00000, 0x000000070fe00000| Complete 
|2046|0x00000007ffc00000, 0x00000007ffd74000, 0x00000007ffe00000| 72%|OA|  |TAMS 0x00000007ffc00000, 0x00000007ffc00000| Untracked 
|2047|0x00000007ffe00000, 0x00000007ffe72000, 0x0000000800000000| 22%|CA|  |TAMS 0x00000007ffe00000, 0x00000007ffe00000| Untracked 

Card table byte_map: [0x0000000110000000,0x0000000110800000] _byte_map_base: 0x000000010c800000

Marking Bits (Prev, Next): (CMBitMap*) 0x00007fd4b980ec10, (CMBitMap*) 0x00007fd4b980ec50
 Prev Bits: [0x000000012a0dd000, 0x000000012e0dd000)
 Next Bits: [0x000000012e0dd000, 0x00000001320dd000)

Polling page: 0x0000000102b24000

Metaspace:

Usage:
  Non-class:     11.33 MB used.
      Class:      1.49 MB used.
       Both:     12.82 MB used.

Virtual space:
  Non-class space:       64.00 MB reserved,      11.44 MB ( 18%) committed,  1 nodes.
      Class space:        1.00 GB reserved,       1.56 MB ( <1%) committed,  1 nodes.
             Both:        1.06 GB reserved,      13.00 MB (  1%) committed. 

Chunk freelists:
   Non-Class:  464.00 KB
       Class:  2.25 MB
        Both:  2.70 MB

MaxMetaspaceSize: unlimited
CompressedClassSpaceSize: 1.00 GB
Initial GC threshold: 21.00 MB
Current GC threshold: 21.00 MB
CDS: on
MetaspaceReclaimPolicy: balanced
 - commit_granule_bytes: 65536.
 - commit_granule_words: 8192.
 - virtual_space_node_default_size: 8388608.
 - enlarge_chunks_in_place: 1.
 - new_chunks_are_fully_committed: 0.
 - uncommit_free_chunks: 1.
 - use_allocation_guard: 0.


Internal statistics:

num_allocs_failed_limit: 0.
num_arena_births: 176.
num_arena_deaths: 0.
num_vsnodes_births: 2.
num_vsnodes_deaths: 0.
num_space_committed: 208.
num_space_uncommitted: 0.
num_chunks_returned_to_freelist: 0.
num_chunks_taken_from_freelist: 275.
num_chunk_merges: 0.
num_chunk_splits: 182.
num_chunks_enlarged: 114.
num_inconsistent_stats: 0.

CodeHeap 'non-profiled nmethods': size=120028Kb used=498Kb max_used=498Kb free=119529Kb
 bounds [0x00000001223a6000, 0x0000000122616000, 0x00000001298dd000]
CodeHeap 'profiled nmethods': size=120028Kb used=3306Kb max_used=3306Kb free=116722Kb
 bounds [0x000000011ae6f000, 0x000000011b1af000, 0x00000001223a6000]
CodeHeap 'non-nmethods': size=5704Kb used=1345Kb max_used=1361Kb free=4358Kb
 bounds [0x000000011a8dd000, 0x000000011ab4d000, 0x000000011ae6f000]
 total_blobs=2517 nmethods=1836 adapters=595
 compilation: enabled
              stopped_count=0, restarted_count=0
 full_count=0

Compilation events (20 events):
Event: 16.924 Thread 0x00007fd4ba82da00 1827       3       java.lang.Character::isUpperCase (5 bytes)
Event: 16.924 Thread 0x00007fd4ba82da00 nmethod 1827 0x000000011b1a2090 code [0x000000011b1a2240, 0x000000011b1a2490]
Event: 16.924 Thread 0x00007fd4ba82da00 1828       3       java.lang.Character::isUpperCase (9 bytes)
Event: 16.924 Thread 0x00007fd4ba82da00 nmethod 1828 0x000000011b1a2590 code [0x000000011b1a2740, 0x000000011b1a2930]
Event: 17.911 Thread 0x00007fd4ba82da00 1829       3       java.util.Formatter$FixedString::<init> (26 bytes)
Event: 17.911 Thread 0x00007fd4b9856800 1832       4       java.lang.StringBuilder::append (8 bytes)
Event: 17.912 Thread 0x00007fd4ba82da00 nmethod 1829 0x000000011b1a2a10 code [0x000000011b1a2bc0, 0x000000011b1a2df0]
Event: 17.912 Thread 0x00007fd4ba82da00 1830       3       java.util.Formatter$FixedString::print (26 bytes)
Event: 17.912 Thread 0x00007fd4ba82da00 nmethod 1830 0x000000011b1a2f10 code [0x000000011b1a30c0, 0x000000011b1a32c0]
Event: 17.913 Thread 0x00007fd4ba82da00 1831       3       java.lang.StringBuilder::append (8 bytes)
Event: 17.913 Thread 0x00007fd4ba82da00 nmethod 1831 0x000000011b1a3390 code [0x000000011b1a3540, 0x000000011b1a36e0]
Event: 17.922 Thread 0x00007fd4b9856800 nmethod 1832 0x0000000122422090 code [0x0000000122422220, 0x00000001224226b8]
Event: 19.921 Thread 0x00007fd4ba82da00 1833       3       java.util.Locale::getDefault (63 bytes)
Event: 19.923 Thread 0x00007fd4ba82da00 nmethod 1833 0x000000011b1a3790 code [0x000000011b1a39c0, 0x000000011b1a41c0]
Event: 19.925 Thread 0x00007fd4ba82da00 1834       3       java.lang.String::format (16 bytes)
Event: 19.926 Thread 0x00007fd4ba82da00 nmethod 1834 0x000000011b1a4410 code [0x000000011b1a4640, 0x000000011b1a4dc0]
Event: 19.926 Thread 0x00007fd4ba82da00 1836       3       java.util.Formatter::parse (216 bytes)
Event: 19.930 Thread 0x00007fd4ba82da00 nmethod 1836 0x000000011b1a5090 code [0x000000011b1a5580, 0x000000011b1a8020]
Event: 19.930 Thread 0x00007fd4ba82da00 1835       3       java.util.Formatter::<init> (18 bytes)
Event: 19.930 Thread 0x00007fd4ba82da00 nmethod 1835 0x000000011b1a9110 code [0x000000011b1a92e0, 0x000000011b1a96b0]

GC Heap History (6 events):
Event: 4.619 GC heap before
{Heap before GC invocations=0 (full 0):
 garbage-first heap   total 266240K, used 26520K [0x0000000700000000, 0x0000000800000000)
  region size 2048K, 11 young (22528K), 0 survivors (0K)
 Metaspace       used 12515K, committed 12736K, reserved 1114112K
  class space    used 1491K, committed 1600K, reserved 1048576K
}
Event: 4.634 GC heap after
{Heap after GC invocations=1 (full 0):
 garbage-first heap   total 266240K, used 11587K [0x0000000700000000, 0x0000000800000000)
  region size 2048K, 2 young (4096K), 2 survivors (4096K)
 Metaspace       used 12515K, committed 12736K, reserved 1114112K
  class space    used 1491K, committed 1600K, reserved 1048576K
}
Event: 5.516 GC heap before
{Heap before GC invocations=1 (full 0):
 garbage-first heap   total 266240K, used 38211K [0x0000000700000000, 0x0000000800000000)
  region size 2048K, 16 young (32768K), 2 survivors (4096K)
 Metaspace       used 12583K, committed 12800K, reserved 1114112K
  class space    used 1491K, committed 1600K, reserved 1048576K
}
Event: 5.521 GC heap after
{Heap after GC invocations=2 (full 0):
 garbage-first heap   total 266240K, used 11853K [0x0000000700000000, 0x0000000800000000)
  region size 2048K, 1 young (2048K), 1 survivors (2048K)
 Metaspace       used 12583K, committed 12800K, reserved 1114112K
  class space    used 1491K, committed 1600K, reserved 1048576K
}
Event: 10.450 GC heap before
{Heap before GC invocations=2 (full 0):
 garbage-first heap   total 266240K, used 163405K [0x0000000700000000, 0x0000000800000000)
  region size 2048K, 76 young (155648K), 1 survivors (2048K)
 Metaspace       used 13078K, committed 13248K, reserved 1114112K
  class space    used 1520K, committed 1600K, reserved 1048576K
}
Event: 10.453 GC heap after
{Heap after GC invocations=3 (full 0):
 garbage-first heap   total 266240K, used 13897K [0x0000000700000000, 0x0000000800000000)
  region size 2048K, 2 young (4096K), 2 survivors (4096K)
 Metaspace       used 13078K, committed 13248K, reserved 1114112K
  class space    used 1520K, committed 1600K, reserved 1048576K
}

Deoptimization events (20 events):
Event: 1.274 Thread 0x00007fd4ba944000 DEOPT PACKING pc=0x00000001223cc17c sp=0x000000030b513a20
Event: 1.274 Thread 0x00007fd4ba944000 DEOPT UNPACKING pc=0x000000011a92f093 sp=0x000000030b5139d0 mode 2
Event: 1.552 Thread 0x00007fd4ba944000 Uncommon trap: trap_request=0xffffff45 fr.pc=0x00000001223cb5ac relative=0x000000000000034c
Event: 1.552 Thread 0x00007fd4ba944000 Uncommon trap: reason=unstable_if action=reinterpret pc=0x00000001223cb5ac method=java.util.concurrent.ConcurrentHashMap.get(Ljava/lang/Object;)Ljava/lang/Object; @ 76 c2
Event: 1.552 Thread 0x00007fd4ba944000 DEOPT PACKING pc=0x00000001223cb5ac sp=0x000000030b513580
Event: 1.553 Thread 0x00007fd4ba944000 DEOPT UNPACKING pc=0x000000011a92f093 sp=0x000000030b513528 mode 2
Event: 2.884 Thread 0x00007fd4b9944800 Uncommon trap: trap_request=0xffffff45 fr.pc=0x00000001223d2ccc relative=0x000000000000048c
Event: 2.884 Thread 0x00007fd4b9944800 Uncommon trap: reason=unstable_if action=reinterpret pc=0x00000001223d2ccc method=java.lang.StringLatin1.replace([BCC)Ljava/lang/String; @ 19 c2
Event: 2.884 Thread 0x00007fd4b9944800 DEOPT PACKING pc=0x00000001223d2ccc sp=0x000000030b20a950
Event: 2.884 Thread 0x00007fd4b9944800 DEOPT UNPACKING pc=0x000000011a92f093 sp=0x000000030b20a8f0 mode 2
Event: 2.996 Thread 0x00007fd4b9944800 Uncommon trap: trap_request=0xffffff45 fr.pc=0x00000001223c82c8 relative=0x0000000000000228
Event: 2.996 Thread 0x00007fd4b9944800 Uncommon trap: reason=unstable_if action=reinterpret pc=0x00000001223c82c8 method=java.lang.StringUTF16.compress([CI[BII)I @ 20 c2
Event: 2.996 Thread 0x00007fd4b9944800 DEOPT PACKING pc=0x00000001223c82c8 sp=0x000000030b20a120
Event: 2.996 Thread 0x00007fd4b9944800 DEOPT UNPACKING pc=0x000000011a92f093 sp=0x000000030b20a0c0 mode 2
Event: 4.588 Thread 0x00007fd4b9944800 Uncommon trap: trap_request=0xffffff45 fr.pc=0x00000001223fa38c relative=0x00000000000003cc
Event: 4.588 Thread 0x00007fd4b9944800 Uncommon trap: reason=unstable_if action=reinterpret pc=0x00000001223fa38c method=java.awt.image.ComponentSampleModel.getDataElements(IILjava/lang/Object;Ljava/awt/image/DataBuffer;)Ljava/lang/Object; @ 101 c2
Event: 4.588 Thread 0x00007fd4b9944800 DEOPT PACKING pc=0x00000001223fa38c sp=0x000000030b209de0
Event: 4.588 Thread 0x00007fd4b9944800 DEOPT UNPACKING pc=0x000000011a92f093 sp=0x000000030b209d70 mode 2
Event: 4.591 Thread 0x00007fd4b9944800 DEOPT PACKING pc=0x000000011b08f449 sp=0x000000030b209e90
Event: 4.591 Thread 0x00007fd4b9944800 DEOPT UNPACKING pc=0x000000011a92f810 sp=0x000000030b2093c8 mode 0

Classes loaded (20 events):
Event: 7.244 Loading class javax/swing/text/JTextComponent$AccessibleJTextComponent$1
Event: 7.244 Loading class javax/swing/text/JTextComponent$AccessibleJTextComponent$1 done
Event: 7.244 Loading class javax/swing/JPopupMenu$AccessibleJPopupMenu
Event: 7.244 Loading class javax/swing/JPopupMenu$AccessibleJPopupMenu done
Event: 7.244 Loading class javax/swing/JComboBox$AccessibleJComboBox$AccessibleJComboBoxListSelectionListener
Event: 7.244 Loading class javax/swing/JComboBox$AccessibleJComboBox$AccessibleJComboBoxListSelectionListener done
Event: 7.244 Loading class javax/swing/JList$ListSelectionHandler
Event: 7.244 Loading class javax/swing/JList$ListSelectionHandler done
Event: 7.244 Loading class javax/swing/JComboBox$AccessibleJComboBox$AccessibleJComboBoxPopupMenuListener
Event: 7.244 Loading class javax/swing/JComboBox$AccessibleJComboBox$AccessibleJComboBoxPopupMenuListener done
Event: 7.244 Loading class javax/accessibility/AccessibleState
Event: 7.245 Loading class javax/accessibility/AccessibleBundle
Event: 7.245 Loading class javax/accessibility/AccessibleBundle done
Event: 7.245 Loading class javax/accessibility/AccessibleState done
Event: 7.245 Loading class javax/accessibility/AccessibleBundle$1
Event: 7.245 Loading class sun/awt/AWTAccessor$AccessibleBundleAccessor
Event: 7.245 Loading class sun/awt/AWTAccessor$AccessibleBundleAccessor done
Event: 7.245 Loading class javax/accessibility/AccessibleBundle$1 done
Event: 7.246 Loading class javax/swing/JInternalFrame
Event: 7.246 Loading class javax/swing/JInternalFrame done

Classes unloaded (0 events):
No events

Classes redefined (0 events):
No events

Internal exceptions (20 events):
Event: 1.545 Thread 0x00007fd4ba944000 Exception <a 'java/lang/NoSuchMethodError'{0x000000070f511650}: static Lcom/github/sarxos/webcam/ds/buildin/natives/OpenIMAJGrabber;.stopSession()V> (0x000000070f511650) 
thrown [open/src/hotspot/share/prims/jni.cpp, line 1104]
Event: 1.601 Thread 0x00007fd4ba944000 Exception <a 'java/lang/NoSuchMethodError'{0x000000070f5b5d60}: static Lorg/bridj/cpp/CPPRuntime_CPPDestructor_NativeImpl;.destroy(J)V> (0x000000070f5b5d60) 
thrown [open/src/hotspot/share/prims/jni.cpp, line 1104]
Event: 1.610 Thread 0x00007fd4ba944000 Exception <a 'java/lang/NoSuchMethodError'{0x000000070f5d3240}: static Lorg/bridj/dyncallbacks/PointerToVoid_0;.apply(Lorg/bridj/Pointer;)V> (0x000000070f5d3240) 
thrown [open/src/hotspot/share/prims/jni.cpp, line 1104]
Event: 1.610 Thread 0x00007fd4ba944000 Exception <a 'java/lang/NoSuchMethodError'{0x000000070f5d4480}: static Lorg/bridj/dyncallbacks/PointerToVoid_0;.apply(Lorg/bridj/Pointer;)V> (0x000000070f5d4480) 
thrown [open/src/hotspot/share/prims/jni.cpp, line 1104]
Event: 2.747 Thread 0x00007fd4ba944000 Exception <a 'java/lang/NoSuchMethodError'{0x000000070f5f6748}: static Lcom/github/sarxos/webcam/ds/buildin/natives/DeviceList;.getDevice(I)Lorg/bridj/Pointer;> (0x000000070f5f6748) 
thrown [open/src/hotspot/share/prims/jni.cpp, line 1104]
Event: 2.747 Thread 0x00007fd4ba944000 Exception <a 'java/lang/NoSuchMethodError'{0x000000070f5f6aa0}: static Lcom/github/sarxos/webcam/ds/buildin/natives/DeviceList;.getNumDevices()I> (0x000000070f5f6aa0) 
thrown [open/src/hotspot/share/prims/jni.cpp, line 1104]
Event: 2.756 Thread 0x00007fd4ba944000 Exception <a 'java/lang/NoSuchMethodError'{0x000000070f5ff1d0}: static Lcom/github/sarxos/webcam/ds/buildin/natives/Device;.getName()Lorg/bridj/Pointer;> (0x000000070f5ff1d0) 
thrown [open/src/hotspot/share/prims/jni.cpp, line 1104]
Event: 2.756 Thread 0x00007fd4ba944000 Exception <a 'java/lang/NoSuchMethodError'{0x000000070f5ff540}: static Lcom/github/sarxos/webcam/ds/buildin/natives/Device;.getIdentifier()Lorg/bridj/Pointer;> (0x000000070f5ff540) 
thrown [open/src/hotspot/share/prims/jni.cpp, line 1104]
Event: 2.874 Thread 0x00007fd4b9944800 Exception <a 'java/lang/NoSuchMethodError'{0x000000070f2f2df8}: 'java.lang.Object java.lang.invoke.DirectMethodHandle$Holder.invokeInterface(java.lang.Object, java.lang.Object)'> (0x000000070f2f2df8) 
thrown [open/src/hotspot/share/interpreter/linkResolver.cpp, line 759]
Event: 2.905 Thread 0x00007fd4b9944800 Exception <a 'java/lang/NoSuchMethodError'{0x000000070f3250f0}: 'void java.lang.invoke.Invokers$Holder.invokeExact_MT(java.lang.Object, java.lang.Object, java.lang.Object, java.lang.Object)'> (0x000000070f3250f0) 
thrown [open/src/hotspot/share/interpreter/linkResolver.cpp, line 759]
Event: 2.909 Thread 0x00007fd4b9944800 Exception <a 'java/lang/NoSuchMethodError'{0x000000070f331818}: 'java.lang.Object java.lang.invoke.DirectMethodHandle$Holder.newInvokeSpecial(java.lang.Object, java.lang.Object, java.lang.Object, int, java.lang.Object)'> (0x000000070f331818) 
thrown [open/src/hotspot/share/interpreter/linkResolver.cpp, line 759]
Event: 2.910 Thread 0x00007fd4b9944800 Exception <a 'java/lang/NoSuchMethodError'{0x000000070f3393e8}: 'java.lang.Object java.lang.invoke.Invokers$Holder.linkToTargetMethod(java.lang.Object, java.lang.Object, int, java.lang.Object, java.lang.Object)'> (0x000000070f3393e8) 
thrown [open/src/hotspot/share/interpreter/linkResolver.cpp, line 759]
Event: 2.937 Thread 0x00007fd4b9944800 Exception <a 'java/lang/NoSuchMethodError'{0x000000070f34a880}: 'java.lang.Object java.lang.invoke.Invokers$Holder.linkToTargetMethod(int, int, int, int, java.lang.Object)'> (0x000000070f34a880) 
thrown [open/src/hotspot/share/interpreter/linkResolver.cpp, line 759]
Event: 2.938 Thread 0x00007fd4b9944800 Exception <a 'java/lang/NoSuchMethodError'{0x000000070f34e420}: 'void java.lang.invoke.DirectMethodHandle$Holder.invokeStatic(java.lang.Object, java.lang.Object, long)'> (0x000000070f34e420) 
thrown [open/src/hotspot/share/interpreter/linkResolver.cpp, line 759]
Event: 2.950 Thread 0x00007fd4ba82d400 Exception <a 'java/lang/NoSuchMethodError'{0x000000070fcc0910}: 'void java.lang.invoke.DirectMethodHandle$Holder.invokeSpecial(java.lang.Object, java.lang.Object, long)'> (0x000000070fcc0910) 
thrown [open/src/hotspot/share/interpreter/linkResolver.cpp, line 759]
Event: 3.830 Thread 0x00007fd4b9944800 Exception <a 'java/lang/NoSuchMethodError'{0x000000070f068fe8}: 'void java.lang.invoke.DirectMethodHandle$Holder.invokeStatic(java.lang.Object, long, long)'> (0x000000070f068fe8) 
thrown [open/src/hotspot/share/interpreter/linkResolver.cpp, line 759]
Event: 3.832 Thread 0x00007fd4b9944800 Exception <a 'java/lang/NoSuchMethodError'{0x000000070f06e8b8}: 'java.lang.Object java.lang.invoke.DirectMethodHandle$Holder.newInvokeSpecial(java.lang.Object, long)'> (0x000000070f06e8b8) 
thrown [open/src/hotspot/share/interpreter/linkResolver.cpp, line 759]
Event: 3.833 Thread 0x00007fd4b9944800 Exception <a 'java/lang/NoSuchMethodError'{0x000000070f078ce0}: 'java.lang.Object java.lang.invoke.DirectMethodHandle$Holder.newInvokeSpecial(java.lang.Object, java.lang.Object, int)'> (0x000000070f078ce0) 
thrown [open/src/hotspot/share/interpreter/linkResolver.cpp, line 759]
Event: 3.872 Thread 0x00007fd4ba82d400 Exception <a 'java/lang/NoSuchMethodError'{0x000000070fcd08c0}: 'void java.lang.invoke.DirectMethodHandle$Holder.invokeStatic(java.lang.Object, long)'> (0x000000070fcd08c0) 
thrown [open/src/hotspot/share/interpreter/linkResolver.cpp, line 759]
Event: 4.588 Thread 0x00007fd4b9944800 Implicit null exception at 0x00000001223fa037 to 0x00000001223fa36c

VM Operations (20 events):
Event: 5.516 Executing VM operation: G1CollectForAllocation
Event: 5.521 Executing VM operation: G1CollectForAllocation done
Event: 6.526 Executing VM operation: Cleanup
Event: 6.527 Executing VM operation: Cleanup done
Event: 7.530 Executing VM operation: Cleanup
Event: 7.531 Executing VM operation: Cleanup done
Event: 8.536 Executing VM operation: Cleanup
Event: 8.536 Executing VM operation: Cleanup done
Event: 9.541 Executing VM operation: Cleanup
Event: 9.542 Executing VM operation: Cleanup done
Event: 10.450 Executing VM operation: G1CollectForAllocation
Event: 10.453 Executing VM operation: G1CollectForAllocation done
Event: 11.458 Executing VM operation: Cleanup
Event: 11.458 Executing VM operation: Cleanup done
Event: 12.463 Executing VM operation: Cleanup
Event: 12.464 Executing VM operation: Cleanup done
Event: 16.495 Executing VM operation: Cleanup
Event: 16.496 Executing VM operation: Cleanup done
Event: 17.497 Executing VM operation: Cleanup
Event: 17.498 Executing VM operation: Cleanup done

Events (20 events):
Event: 3.844 Thread 0x00007fd4bb21b800 Thread added: 0x00007fd4bb21b800
Event: 3.844 Protecting memory [0x000000030b69e000,0x000000030b6a2000] with protection modes 0
Event: 3.847 Thread 0x00007fd4bb177600 Thread added: 0x00007fd4bb177600
Event: 3.847 Protecting memory [0x000000030b59b000,0x000000030b59f000] with protection modes 3
Event: 3.847 Protecting memory [0x000000030b7a1000,0x000000030b7a5000] with protection modes 0
Event: 3.847 Thread 0x00007fd4b9f9e800 Thread exited: 0x00007fd4b9f9e800
Event: 3.848 Thread 0x00007fd4b9f9e800 Thread added: 0x00007fd4b9f9e800
Event: 3.848 Protecting memory [0x000000030b59b000,0x000000030b59f000] with protection modes 0
Event: 3.865 Thread 0x00007fd4b9940a00 Thread added: 0x00007fd4b9940a00
Event: 3.865 Protecting memory [0x000000030b8a4000,0x000000030b8a8000] with protection modes 0
Event: 4.355 Thread 0x00007fd4bad57200 Thread added: 0x00007fd4bad57200
Event: 4.355 Protecting memory [0x000000030ba2a000,0x000000030ba2e000] with protection modes 0
Event: 4.392 Thread 0x00007fd4badbd800 Thread added: 0x00007fd4badbd800
Event: 4.392 Protecting memory [0x000000030b69e000,0x000000030b6a2000] with protection modes 3
Event: 4.392 Protecting memory [0x000000030bb2d000,0x000000030bb31000] with protection modes 0
Event: 4.392 Thread 0x00007fd4bb21b800 Thread exited: 0x00007fd4bb21b800
Event: 4.524 Thread 0x00007fd4b9ab6e00 Thread added: 0x00007fd4b9ab6e00
Event: 4.524 Protecting memory [0x000000030b69e000,0x000000030b6a2000] with protection modes 0
Event: 5.823 Protecting memory [0x000000030b20f000,0x000000030b213000] with protection modes 3
Event: 5.823 Thread 0x00007fd4b98b2000 Thread exited: 0x00007fd4b98b2000


Dynamic libraries:
0x000000010b158000 	/Library/Java/JavaVirtualMachines/jdk-18.0.2.1.jdk/Contents/Home/lib/libjli.dylib
0x00007ff81bbef000 	/usr/lib/libz.1.dylib
0x00007ff81bcd5000 	/usr/lib/libSystem.B.dylib
0x00007ff81bcd0000 	/usr/lib/system/libcache.dylib
0x00007ff81bc8c000 	/usr/lib/system/libcommonCrypto.dylib
0x00007ff81bcb5000 	/usr/lib/system/libcompiler_rt.dylib
0x00007ff81bcab000 	/usr/lib/system/libcopyfile.dylib
0x00007ff81086d000 	/usr/lib/system/libcorecrypto.dylib
0x00007ff81092b000 	/usr/lib/system/libdispatch.dylib
0x00007ff810aeb000 	/usr/lib/system/libdyld.dylib
0x00007ff81bcc7000 	/usr/lib/system/libkeymgr.dylib
0x00007ff81bc6a000 	/usr/lib/system/libmacho.dylib
0x00007ff81b2e5000 	/usr/lib/system/libquarantine.dylib
0x00007ff81bcc5000 	/usr/lib/system/libremovefile.dylib
0x00007ff8159b6000 	/usr/lib/system/libsystem_asl.dylib
0x00007ff810816000 	/usr/lib/system/libsystem_blocks.dylib
0x00007ff8109af000 	/usr/lib/system/libsystem_c.dylib
0x00007ff81bcbd000 	/usr/lib/system/libsystem_collections.dylib
0x00007ff81a617000 	/usr/lib/system/libsystem_configuration.dylib
0x00007ff8198bf000 	/usr/lib/system/libsystem_containermanager.dylib
0x00007ff81b99c000 	/usr/lib/system/libsystem_coreservices.dylib
0x00007ff813057000 	/usr/lib/system/libsystem_darwin.dylib
0x00007ff81bcc8000 	/usr/lib/system/libsystem_dnssd.dylib
0x00007ff8109ac000 	/usr/lib/system/libsystem_featureflags.dylib
0x00007ff810b01000 	/usr/lib/system/libsystem_info.dylib
0x00007ff81bc02000 	/usr/lib/system/libsystem_m.dylib
0x00007ff8108ff000 	/usr/lib/system/libsystem_malloc.dylib
0x00007ff815951000 	/usr/lib/system/libsystem_networkextension.dylib
0x00007ff81347d000 	/usr/lib/system/libsystem_notify.dylib
0x00007ff822003000 	/usr/lib/system/libsystem_product_info_filter.dylib
0x00007ff81a61b000 	/usr/lib/system/libsystem_sandbox.dylib
0x00007ff81bcc2000 	/usr/lib/system/libsystem_secinit.dylib
0x00007ff810aa7000 	/usr/lib/system/libsystem_kernel.dylib
0x00007ff810af7000 	/usr/lib/system/libsystem_platform.dylib
0x00007ff810adf000 	/usr/lib/system/libsystem_pthread.dylib
0x00007ff817273000 	/usr/lib/system/libsystem_symptoms.dylib
0x00007ff810854000 	/usr/lib/system/libsystem_trace.dylib
0x00007ff81bc98000 	/usr/lib/system/libunwind.dylib
0x00007ff810818000 	/usr/lib/system/libxpc.dylib
0x00007ff810a91000 	/usr/lib/libc++abi.dylib
0x00007ff810972000 	/usr/lib/libobjc.A.dylib
0x00007ff81bca3000 	/usr/lib/liboah.dylib
0x00007ff810a38000 	/usr/lib/libc++.1.dylib
0x00007ff827e05000 	/System/Library/Frameworks/Cocoa.framework/Versions/A/Cocoa
0x00007ff8134db000 	/System/Library/Frameworks/AppKit.framework/Versions/C/AppKit
0x00007ff816a50000 	/System/Library/Frameworks/CoreData.framework/Versions/A/CoreData
0x00007ff8118de000 	/System/Library/Frameworks/Foundation.framework/Versions/C/Foundation
0x00007ff81436b000 	/System/Library/PrivateFrameworks/UIFoundation.framework/Versions/A/UIFoundation
0x00007ff821d06000 	/System/Library/PrivateFrameworks/RemoteViewServices.framework/Versions/A/RemoteViewServices
0x00007ff819fa0000 	/System/Library/PrivateFrameworks/XCTTargetBootstrap.framework/Versions/A/XCTTargetBootstrap
0x00007ff81db9c000 	/System/Library/PrivateFrameworks/InternationalSupport.framework/Versions/A/InternationalSupport
0x00007ff81dc26000 	/System/Library/PrivateFrameworks/UserActivity.framework/Versions/A/UserActivity
0x00007ff81cf7e000 	/usr/lib/libspindump.dylib
0x00007ff8145fa000 	/System/Library/Frameworks/UniformTypeIdentifiers.framework/Versions/A/UniformTypeIdentifiers
0x00007ff8186c4000 	/usr/lib/libapp_launch_measurement.dylib
0x00007ff817433000 	/System/Library/PrivateFrameworks/CoreAnalytics.framework/Versions/A/CoreAnalytics
0x00007ff8186c7000 	/System/Library/PrivateFrameworks/CoreAutoLayout.framework/Versions/A/CoreAutoLayout
0x00007ff8198f7000 	/System/Library/Frameworks/Metal.framework/Versions/A/Metal
0x00007ff81a627000 	/usr/lib/liblangid.dylib
0x00007ff819fa5000 	/System/Library/PrivateFrameworks/CoreSVG.framework/Versions/A/CoreSVG
0x00007ff8159e6000 	/System/Library/PrivateFrameworks/SkyLight.framework/Versions/A/SkyLight
0x00007ff815d85000 	/System/Library/Frameworks/CoreGraphics.framework/Versions/A/CoreGraphics
0x00007ff8223c6000 	/System/Library/Frameworks/Accelerate.framework/Versions/A/Accelerate
0x00007ff81c9fd000 	/System/Library/PrivateFrameworks/IconServices.framework/Versions/A/IconServices
0x00007ff8198dc000 	/System/Library/Frameworks/IOSurface.framework/Versions/A/IOSurface
0x00007ff817461000 	/usr/lib/libDiagnosticMessagesClient.dylib
0x00007ff825aa9000 	/System/Library/Frameworks/ApplicationServices.framework/Versions/A/ApplicationServices
0x00007ff819f8c000 	/System/Library/PrivateFrameworks/DFRFoundation.framework/Versions/A/DFRFoundation
0x00007ff812dc3000 	/usr/lib/libicucore.A.dylib
0x00007ff81e992000 	/System/Library/Frameworks/AudioToolbox.framework/Versions/A/AudioToolbox
0x00007ff81dba8000 	/System/Library/PrivateFrameworks/DataDetectorsCore.framework/Versions/A/DataDetectorsCore
0x00007ff919e05000 	/System/Library/PrivateFrameworks/TextInput.framework/Versions/A/TextInput
0x00007ff815969000 	/usr/lib/libMobileGestalt.dylib
0x00007ff819c98000 	/System/Library/Frameworks/Carbon.framework/Versions/A/Frameworks/HIToolbox.framework/Versions/A/HIToolbox
0x00007ff8180c6000 	/System/Library/Frameworks/QuartzCore.framework/Versions/A/QuartzCore
0x00007ff812a68000 	/System/Library/Frameworks/Security.framework/Versions/A/Security
0x00007ff821d3e000 	/System/Library/Frameworks/Carbon.framework/Versions/A/Frameworks/SpeechRecognition.framework/Versions/A/SpeechRecognition
0x00007ff818424000 	/System/Library/PrivateFrameworks/CoreUI.framework/Versions/A/CoreUI
0x00007ff812332000 	/System/Library/Frameworks/CoreAudio.framework/Versions/A/CoreAudio
0x00007ff817550000 	/System/Library/Frameworks/DiskArbitration.framework/Versions/A/DiskArbitration
0x00007ff81d36a000 	/System/Library/PrivateFrameworks/MultitouchSupport.framework/Versions/A/MultitouchSupport
0x00007ff815968000 	/usr/lib/libenergytrace.dylib
0x00007ff8133c7000 	/System/Library/Frameworks/IOKit.framework/Versions/A/IOKit
0x00007ff82212e000 	/System/Library/Frameworks/CoreServices.framework/Versions/A/CoreServices
0x00007ff81865e000 	/System/Library/PrivateFrameworks/PerformanceAnalysis.framework/Versions/A/PerformanceAnalysis
0x00007ffa298e1000 	/System/Library/Frameworks/OpenGL.framework/Versions/A/OpenGL
0x00007ff81b20b000 	/System/Library/PrivateFrameworks/MobileKeyBag.framework/Versions/A/MobileKeyBag
0x00007ff8164af000 	/System/Library/Frameworks/ColorSync.framework/Versions/A/ColorSync
0x00007ff810b2c000 	/System/Library/Frameworks/CoreFoundation.framework/Versions/A/CoreFoundation
0x00007ff81a21d000 	/System/Library/Frameworks/CoreImage.framework/Versions/A/CoreImage
0x00007ff812146000 	/System/Library/Frameworks/CoreText.framework/Versions/A/CoreText
0x00007ff819fd5000 	/System/Library/Frameworks/ImageIO.framework/Versions/A/ImageIO
0x00007ff81bcdb000 	/System/Library/PrivateFrameworks/SoftLinking.framework/Versions/A/SoftLinking
0x00007ff81870f000 	/usr/lib/libxml2.2.dylib
0x00007ff81bf5c000 	/usr/lib/libcompression.dylib
0x00007ff81dacf000 	/System/Library/PrivateFrameworks/TextureIO.framework/Versions/A/TextureIO
0x00007ff81c676000 	/usr/lib/libate.dylib
0x00007ff81c434000 	/usr/lib/liblzma.5.dylib
0x00007ff8115f0000 	/System/Library/Frameworks/SystemConfiguration.framework/Versions/A/SystemConfiguration
0x00007ff81bcd7000 	/usr/lib/libfakelink.dylib
0x00007ff8154c1000 	/System/Library/Frameworks/CFNetwork.framework/Versions/A/CFNetwork
0x00007ff81be18000 	/usr/lib/libarchive.2.dylib
0x00007ff81a623000 	/System/Library/PrivateFrameworks/AppleSystemInfo.framework/Versions/A/AppleSystemInfo
0x00007ff81b30c000 	/usr/lib/libbsm.0.dylib
0x00007ff814ad0000 	/usr/lib/libnetwork.dylib
0x00007ff81bc70000 	/usr/lib/system/libkxld.dylib
0x00007ff81af3f000 	/System/Library/PrivateFrameworks/IOMobileFramebuffer.framework/Versions/A/IOMobileFramebuffer
0x00007ffb292a0000 	/usr/lib/libCoreEntitlements.dylib
0x00007ff81b97e000 	/System/Library/PrivateFrameworks/AppleFSCompression.framework/Versions/A/AppleFSCompression
0x00007ff81b2f4000 	/usr/lib/libcoretls.dylib
0x00007ff81c44e000 	/usr/lib/libcoretls_cfhelpers.dylib
0x00007ff81bf57000 	/usr/lib/libpam.2.dylib
0x00007ff816e95000 	/usr/lib/libsqlite3.dylib
0x00007ff81c4bd000 	/usr/lib/libxar.1.dylib
0x00007ff81b98e000 	/usr/lib/libbz2.1.0.dylib
0x00007ff81bcdc000 	/usr/lib/libpcap.A.dylib
0x00007ff81726b000 	/usr/lib/libdns_services.dylib
0x00007ff81bf2a000 	/usr/lib/libapple_nghttp2.dylib
0x00007ff81bd16000 	/usr/lib/libiconv.2.dylib
0x00007ff81bc69000 	/usr/lib/libcharset.1.dylib
0x00007ff818692000 	/System/Library/Frameworks/CoreServices.framework/Versions/A/Frameworks/FSEvents.framework/Versions/A/FSEvents
0x00007ff813061000 	/System/Library/Frameworks/CoreServices.framework/Versions/A/Frameworks/CarbonCore.framework/Versions/A/CarbonCore
0x00007ff8174b4000 	/System/Library/Frameworks/CoreServices.framework/Versions/A/Frameworks/Metadata.framework/Versions/A/Metadata
0x00007ff81b9a1000 	/System/Library/Frameworks/CoreServices.framework/Versions/A/Frameworks/OSServices.framework/Versions/A/OSServices
0x00007ff81be9f000 	/System/Library/Frameworks/CoreServices.framework/Versions/A/Frameworks/SearchKit.framework/Versions/A/SearchKit
0x00007ff8171fd000 	/System/Library/Frameworks/CoreServices.framework/Versions/A/Frameworks/AE.framework/Versions/A/AE
0x00007ff81102d000 	/System/Library/Frameworks/CoreServices.framework/Versions/A/Frameworks/LaunchServices.framework/Versions/A/LaunchServices
0x00007ff81c3e5000 	/System/Library/Frameworks/CoreServices.framework/Versions/A/Frameworks/DictionaryServices.framework/Versions/A/DictionaryServices
0x00007ff81869f000 	/System/Library/Frameworks/CoreServices.framework/Versions/A/Frameworks/SharedFileList.framework/Versions/A/SharedFileList
0x00007ff81b2e8000 	/usr/lib/libCheckFix.dylib
0x00007ff8159cd000 	/System/Library/PrivateFrameworks/TCC.framework/Versions/A/TCC
0x00007ff81a629000 	/System/Library/PrivateFrameworks/CoreNLP.framework/Versions/A/CoreNLP
0x00007ff817464000 	/System/Library/PrivateFrameworks/MetadataUtilities.framework/Versions/A/MetadataUtilities
0x00007ff8116a1000 	/usr/lib/libmecabra.dylib
0x00007ff81b31c000 	/usr/lib/libmecab.dylib
0x00007ff81166c000 	/usr/lib/libCRFSuite.dylib
0x00007ff81b376000 	/usr/lib/libgermantok.dylib
0x00007ff81bf05000 	/usr/lib/libThaiTokenizer.dylib
0x00007ff817557000 	/System/Library/Frameworks/Accelerate.framework/Versions/A/Frameworks/vImage.framework/Versions/A/vImage
0x00007ff822105000 	/System/Library/Frameworks/Accelerate.framework/Versions/A/Frameworks/vecLib.framework/Versions/A/vecLib
0x00007ff81c4fe000 	/System/Library/Frameworks/Accelerate.framework/Versions/A/Frameworks/vecLib.framework/Versions/A/libvMisc.dylib
0x00007ff81ad3e000 	/System/Library/Frameworks/Accelerate.framework/Versions/A/Frameworks/vecLib.framework/Versions/A/libvDSP.dylib
0x00007ff8113a8000 	/System/Library/Frameworks/Accelerate.framework/Versions/A/Frameworks/vecLib.framework/Versions/A/libBLAS.dylib
0x00007ff81c03a000 	/System/Library/Frameworks/Accelerate.framework/Versions/A/Frameworks/vecLib.framework/Versions/A/libLAPACK.dylib
0x00007ff81b379000 	/System/Library/Frameworks/Accelerate.framework/Versions/A/Frameworks/vecLib.framework/Versions/A/libLinearAlgebra.dylib
0x00007ff81bf42000 	/System/Library/Frameworks/Accelerate.framework/Versions/A/Frameworks/vecLib.framework/Versions/A/libSparseBLAS.dylib
0x00007ff81c034000 	/System/Library/Frameworks/Accelerate.framework/Versions/A/Frameworks/vecLib.framework/Versions/A/libQuadrature.dylib
0x00007ff81a714000 	/System/Library/Frameworks/Accelerate.framework/Versions/A/Frameworks/vecLib.framework/Versions/A/libBNNS.dylib
0x00007ff81157a000 	/System/Library/Frameworks/Accelerate.framework/Versions/A/Frameworks/vecLib.framework/Versions/A/libSparse.dylib
0x00007ff81a70d000 	/System/Library/PrivateFrameworks/LinguisticData.framework/Versions/A/LinguisticData
0x00007ff811530000 	/System/Library/PrivateFrameworks/Lexicon.framework/Versions/A/Lexicon
0x00007ff81c4f7000 	/usr/lib/libChineseTokenizer.dylib
0x00007ff811c9b000 	/System/Library/PrivateFrameworks/LanguageModeling.framework/Versions/A/LanguageModeling
0x00007ff81bf07000 	/System/Library/PrivateFrameworks/AppleSauce.framework/Versions/A/AppleSauce
0x00007ff81af2d000 	/System/Library/PrivateFrameworks/CoreEmoji.framework/Versions/A/CoreEmoji
0x00007ff81be07000 	/usr/lib/libcmph.dylib
0x00007ff818676000 	/System/Library/Frameworks/OpenDirectory.framework/Versions/A/Frameworks/CFOpenDirectory.framework/Versions/A/CFOpenDirectory
0x00007ff81866a000 	/System/Library/Frameworks/OpenDirectory.framework/Versions/A/OpenDirectory
0x00007ff81c450000 	/System/Library/PrivateFrameworks/APFS.framework/Versions/A/APFS
0x00007ff81b243000 	/System/Library/Frameworks/SecurityFoundation.framework/Versions/A/SecurityFoundation
0x00007ff81c4cb000 	/usr/lib/libutil.dylib
0x00007ff81338b000 	/System/Library/PrivateFrameworks/CoreServicesStore.framework/Versions/A/CoreServicesStore
0x00007ff81c4cf000 	/usr/lib/libxslt.1.dylib
0x00007ff81b2d0000 	/System/Library/PrivateFrameworks/BackgroundTaskManagement.framework/Versions/A/BackgroundTaskManagement
0x00007ff81d9f0000 	/System/Library/Frameworks/ImageIO.framework/Versions/A/Resources/libRadiance.dylib
0x00007ff81d9f9000 	/System/Library/Frameworks/ImageIO.framework/Versions/A/Resources/libJPEG.dylib
0x00007ff81d949000 	/System/Library/Frameworks/ImageIO.framework/Versions/A/Resources/libPng.dylib
0x00007ff81d96a000 	/System/Library/Frameworks/ImageIO.framework/Versions/A/Resources/libTIFF.dylib
0x00007ff81da58000 	/System/Library/Frameworks/ImageIO.framework/Versions/A/Resources/libGIF.dylib
0x00007ff81d286000 	/System/Library/Frameworks/ImageIO.framework/Versions/A/Resources/libJP2.dylib
0x00007ff81c9c4000 	/usr/lib/libexpat.1.dylib
0x00007ff81d23b000 	/System/Library/PrivateFrameworks/AppleJPEG.framework/Versions/A/AppleJPEG
0x00007ff819b5c000 	/System/Library/PrivateFrameworks/FontServices.framework/libFontParser.dylib
0x00007ff8171a7000 	/System/Library/PrivateFrameworks/RunningBoardServices.framework/Versions/A/RunningBoardServices
0x00007ff8283c0000 	/System/Library/PrivateFrameworks/IOSurfaceAccelerator.framework/Versions/A/IOSurfaceAccelerator
0x00007ff81d366000 	/System/Library/PrivateFrameworks/WatchdogClient.framework/Versions/A/WatchdogClient
0x00007ff811d89000 	/System/Library/Frameworks/CoreDisplay.framework/Versions/A/CoreDisplay
0x00007ff819a5a000 	/System/Library/Frameworks/CoreMedia.framework/Versions/A/CoreMedia
0x00007ff8198ee000 	/System/Library/PrivateFrameworks/IOAccelerator.framework/Versions/A/IOAccelerator
0x00007ff8187f3000 	/System/Library/Frameworks/CoreVideo.framework/Versions/A/CoreVideo
0x00007ff81bf55000 	/System/Library/Frameworks/MetalPerformanceShaders.framework/Versions/A/MetalPerformanceShaders
0x00007ff81d3a3000 	/System/Library/Frameworks/VideoToolbox.framework/Versions/A/VideoToolbox
0x00007ff8170f1000 	/System/Library/PrivateFrameworks/BaseBoard.framework/Versions/A/BaseBoard
0x00007ff816e7b000 	/System/Library/PrivateFrameworks/ProtocolBuffer.framework/Versions/A/ProtocolBuffer
0x00007ff81d9e9000 	/System/Library/PrivateFrameworks/GPUWrangler.framework/Versions/A/GPUWrangler
0x00007ff81d9cd000 	/System/Library/PrivateFrameworks/IOPresentment.framework/Versions/A/IOPresentment
0x00007ff81d9f3000 	/System/Library/PrivateFrameworks/DSExternalDisplay.framework/Versions/A/DSExternalDisplay
0x00007ffa298d5000 	/System/Library/Frameworks/OpenGL.framework/Versions/A/Libraries/libCoreFSCache.dylib
0x00007ffb1699c000 	/System/Library/PrivateFrameworks/GPUCompiler.framework/Versions/31001/Libraries/libGPUCompilerUtils.dylib
0x00007ff81da5d000 	/System/Library/PrivateFrameworks/CMCaptureCore.framework/Versions/A/CMCaptureCore
0x00007ff81cf6c000 	/System/Library/PrivateFrameworks/AppServerSupport.framework/Versions/A/AppServerSupport
0x00007ff81f22b000 	/System/Library/PrivateFrameworks/perfdata.framework/Versions/A/perfdata
0x00007ff811eb5000 	/System/Library/PrivateFrameworks/AudioToolboxCore.framework/Versions/A/AudioToolboxCore
0x00007ff819a38000 	/System/Library/PrivateFrameworks/caulk.framework/Versions/A/caulk
0x00007ff81eb3d000 	/usr/lib/libAudioStatistics.dylib
0x00007ff916593000 	/System/Library/PrivateFrameworks/SystemPolicy.framework/Versions/A/SystemPolicy
0x00007ff81ed98000 	/usr/lib/libSMC.dylib
0x00007ff827cb8000 	/System/Library/Frameworks/CoreMIDI.framework/Versions/A/CoreMIDI
0x00007ff81d918000 	/usr/lib/libAudioToolboxUtility.dylib
0x00007ff9127bf000 	/System/Library/PrivateFrameworks/OSAServicesClient.framework/Versions/A/OSAServicesClient
0x00007ff81f238000 	/usr/lib/libperfcheck.dylib
0x00007ff917040000 	/usr/lib/libmis.dylib
0x00007ffa29930000 	/System/Library/Frameworks/OpenGL.framework/Versions/A/Libraries/libGLU.dylib
0x00007ffa298f4000 	/System/Library/Frameworks/OpenGL.framework/Versions/A/Libraries/libGFXShared.dylib
0x00007ffa29afd000 	/System/Library/Frameworks/OpenGL.framework/Versions/A/Libraries/libGL.dylib
0x00007ffa298fd000 	/System/Library/Frameworks/OpenGL.framework/Versions/A/Libraries/libGLImage.dylib
0x00007ffa298f1000 	/System/Library/Frameworks/OpenGL.framework/Versions/A/Libraries/libCVMSPluginSupport.dylib
0x00007ffa298dc000 	/System/Library/Frameworks/OpenGL.framework/Versions/A/Libraries/libCoreVMClient.dylib
0x00007ff81a5a5000 	/System/Library/Frameworks/MetalPerformanceShaders.framework/Versions/A/Frameworks/MPSCore.framework/Versions/A/MPSCore
0x00007ff81b8e9000 	/System/Library/Frameworks/MetalPerformanceShaders.framework/Versions/A/Frameworks/MPSImage.framework/Versions/A/MPSImage
0x00007ff81b38f000 	/System/Library/Frameworks/MetalPerformanceShaders.framework/Versions/A/Frameworks/MPSNeuralNetwork.framework/Versions/A/MPSNeuralNetwork
0x00007ff81b803000 	/System/Library/Frameworks/MetalPerformanceShaders.framework/Versions/A/Frameworks/MPSMatrix.framework/Versions/A/MPSMatrix
0x00007ff81b5be000 	/System/Library/Frameworks/MetalPerformanceShaders.framework/Versions/A/Frameworks/MPSRayIntersector.framework/Versions/A/MPSRayIntersector
0x00007ff81b83b000 	/System/Library/Frameworks/MetalPerformanceShaders.framework/Versions/A/Frameworks/MPSNDArray.framework/Versions/A/MPSNDArray
0x00007ffa2f3b5000 	/System/Library/Frameworks/MetalPerformanceShaders.framework/Versions/A/Frameworks/MPSFunctions.framework/Versions/A/MPSFunctions
0x00007ff811284000 	/System/Library/PrivateFrameworks/MetalTools.framework/Versions/A/MetalTools
0x00007ff81a621000 	/System/Library/PrivateFrameworks/AggregateDictionary.framework/Versions/A/AggregateDictionary
0x00007ff81c7a6000 	/usr/lib/libIOReport.dylib
0x00007ffa2af0c000 	/System/Library/Frameworks/OpenCL.framework/Versions/A/OpenCL
0x00007ff81cb0a000 	/System/Library/PrivateFrameworks/FaceCore.framework/Versions/A/FaceCore
0x00007ff81cafb000 	/System/Library/PrivateFrameworks/GraphVisualizer.framework/Versions/A/GraphVisualizer
0x00007ffb168a7000 	/System/Library/PrivateFrameworks/FontServices.framework/Versions/A/FontServices
0x00007ff81cf24000 	/System/Library/PrivateFrameworks/OTSVG.framework/Versions/A/OTSVG
0x00007ff8183d9000 	/System/Library/Frameworks/ApplicationServices.framework/Versions/A/Frameworks/ATS.framework/Versions/A/Resources/libFontRegistry.dylib
0x00007ff81cf74000 	/System/Library/PrivateFrameworks/FontServices.framework/libhvf.dylib
0x00007ffb168a8000 	/System/Library/PrivateFrameworks/FontServices.framework/libXTFontStaticRegistryData.dylib
0x00007ff81c974000 	/System/Library/PrivateFrameworks/AppleVA.framework/Versions/A/AppleVA
0x00007ff81eb5d000 	/System/Library/Frameworks/ApplicationServices.framework/Versions/A/Frameworks/ATS.framework/Versions/A/ATS
0x00007ff8165ad000 	/System/Library/Frameworks/ApplicationServices.framework/Versions/A/Frameworks/HIServices.framework/Versions/A/HIServices
0x00007ff81da67000 	/System/Library/Frameworks/ApplicationServices.framework/Versions/A/Frameworks/PrintCore.framework/Versions/A/PrintCore
0x00007ff81eeeb000 	/System/Library/Frameworks/ApplicationServices.framework/Versions/A/Frameworks/QD.framework/Versions/A/QD
0x00007ff81eee3000 	/System/Library/Frameworks/ApplicationServices.framework/Versions/A/Frameworks/ColorSyncLegacy.framework/Versions/A/ColorSyncLegacy
0x00007ff81eb4d000 	/System/Library/Frameworks/ApplicationServices.framework/Versions/A/Frameworks/SpeechSynthesis.framework/Versions/A/SpeechSynthesis
0x00007ff81da28000 	/System/Library/Frameworks/ApplicationServices.framework/Versions/A/Frameworks/ATSUI.framework/Versions/A/ATSUI
0x00007ff81ee78000 	/usr/lib/libcups.2.dylib
0x00007ff81f247000 	/System/Library/Frameworks/Kerberos.framework/Versions/A/Kerberos
0x00007ff81f256000 	/System/Library/Frameworks/GSS.framework/Versions/A/GSS
0x00007ff81ebc9000 	/usr/lib/libresolv.9.dylib
0x00007ff81cf83000 	/System/Library/PrivateFrameworks/Heimdal.framework/Versions/A/Heimdal
0x00007ff825e3b000 	/System/Library/Frameworks/Kerberos.framework/Versions/A/Libraries/libHeimdalProxy.dylib
0x00007ff81727b000 	/System/Library/Frameworks/Network.framework/Versions/A/Network
0x00007ff81c9de000 	/usr/lib/libheimdal-asn1.dylib
0x00007ff81f2a1000 	/System/Library/PrivateFrameworks/CommonAuth.framework/Versions/A/CommonAuth
0x00007ff81eacf000 	/System/Library/PrivateFrameworks/AudioSession.framework/Versions/A/AudioSession
0x00007ff81ca6e000 	/System/Library/PrivateFrameworks/MediaExperience.framework/Versions/A/MediaExperience
0x00007ff81e961000 	/System/Library/PrivateFrameworks/AudioSession.framework/libSessionUtility.dylib
0x00007ff81eef7000 	/System/Library/PrivateFrameworks/AudioResourceArbitration.framework/Versions/A/AudioResourceArbitration
0x00007ff822f78000 	/System/Library/PrivateFrameworks/PowerLog.framework/Versions/A/PowerLog
0x00007ff81c9e7000 	/System/Library/PrivateFrameworks/IconFoundation.framework/Versions/A/IconFoundation
0x00007ff821d2e000 	/System/Library/PrivateFrameworks/SpeechRecognitionCore.framework/Versions/A/SpeechRecognitionCore
0x0000000110831000 	/Library/Java/JavaVirtualMachines/jdk-18.0.2.1.jdk/Contents/Home/lib/server/libjvm.dylib
0x000000010b1de000 	/Library/Java/JavaVirtualMachines/jdk-18.0.2.1.jdk/Contents/Home/lib/libjimage.dylib
0x000000010b26b000 	/Library/Java/JavaVirtualMachines/jdk-18.0.2.1.jdk/Contents/Home/lib/libjava.dylib
0x000000010b680000 	/Library/Java/JavaVirtualMachines/jdk-18.0.2.1.jdk/Contents/Home/lib/libnio.dylib
0x000000010b6b9000 	/Library/Java/JavaVirtualMachines/jdk-18.0.2.1.jdk/Contents/Home/lib/libnet.dylib
0x000000010b702000 	/Library/Java/JavaVirtualMachines/jdk-18.0.2.1.jdk/Contents/Home/lib/libzip.dylib
0x00000001340dd000 	/Library/Java/JavaVirtualMachines/jdk-18.0.2.1.jdk/Contents/Home/lib/libawt.dylib
0x000000013426a000 	/Library/Java/JavaVirtualMachines/jdk-18.0.2.1.jdk/Contents/Home/lib/libmlib_image.dylib
0x00007ffa2f31e000 	/System/Library/Frameworks/JavaRuntimeSupport.framework/Versions/A/JavaRuntimeSupport
0x00007ff9160b7000 	/System/Library/Frameworks/Carbon.framework/Versions/A/Carbon
0x00007ff8241f2000 	/System/Library/PrivateFrameworks/CoreSymbolication.framework/Versions/A/CoreSymbolication
0x00007ff829757000 	/System/Library/Frameworks/Carbon.framework/Versions/A/Frameworks/CommonPanels.framework/Versions/A/CommonPanels
0x00007ff825827000 	/System/Library/Frameworks/Carbon.framework/Versions/A/Frameworks/Help.framework/Versions/A/Help
0x00007ff82975b000 	/System/Library/Frameworks/Carbon.framework/Versions/A/Frameworks/ImageCapture.framework/Versions/A/ImageCapture
0x00007ff82972b000 	/System/Library/Frameworks/Carbon.framework/Versions/A/Frameworks/OpenScripting.framework/Versions/A/OpenScripting
0x00007ff829753000 	/System/Library/Frameworks/Carbon.framework/Versions/A/Frameworks/Ink.framework/Versions/A/Ink
0x00007ff9160b3000 	/System/Library/Frameworks/Carbon.framework/Versions/A/Frameworks/Print.framework/Versions/A/Print
0x00007ff82974f000 	/System/Library/Frameworks/Carbon.framework/Versions/A/Frameworks/SecurityHI.framework/Versions/A/SecurityHI
0x00007ff8241b7000 	/System/Library/PrivateFrameworks/DebugSymbols.framework/Versions/A/DebugSymbols
0x000000013a22e000 	/Library/Java/JavaVirtualMachines/jdk-18.0.2.1.jdk/Contents/Home/lib/libawt_lwawt.dylib
0x000000010b770000 	/Library/Java/JavaVirtualMachines/jdk-18.0.2.1.jdk/Contents/Home/lib/libosxapp.dylib
0x00007ff915381000 	/System/Library/Frameworks/ExceptionHandling.framework/Versions/A/ExceptionHandling
0x000000013a6a0000 	/Library/Java/JavaVirtualMachines/jdk-18.0.2.1.jdk/Contents/Home/lib/libfontmanager.dylib
0x000000013a512000 	/Library/Java/JavaVirtualMachines/jdk-18.0.2.1.jdk/Contents/Home/lib/libfreetype.dylib
0x00007ff81334d000 	/System/Library/PrivateFrameworks/CoreServicesInternal.framework/Versions/A/CoreServicesInternal
0x00007ff823569000 	/System/Library/Frameworks/FileProvider.framework/Versions/A/FileProvider
0x00007ff81705e000 	/System/Library/Frameworks/Accounts.framework/Versions/A/Accounts
0x00007ff8236e2000 	/System/Library/PrivateFrameworks/GenerationalStorage.framework/Versions/A/GenerationalStorage
0x00007ff822f6d000 	/System/Library/PrivateFrameworks/SymptomDiagnosticReporter.framework/Versions/A/SymptomDiagnosticReporter
0x00007ff81460e000 	/System/Library/PrivateFrameworks/DesktopServicesPriv.framework/Versions/A/DesktopServicesPriv
0x00007ff81348c000 	/usr/lib/libsandbox.1.dylib
0x00007ff818872000 	/System/Library/PrivateFrameworks/UserManagement.framework/Versions/A/UserManagement
0x00007ff81eed8000 	/System/Library/PrivateFrameworks/NetAuth.framework/Versions/A/NetAuth
0x00007ff81fde7000 	/System/Library/PrivateFrameworks/Sharing.framework/Versions/A/Sharing
0x00007ff818845000 	/System/Library/PrivateFrameworks/login.framework/Versions/A/Frameworks/loginsupport.framework/Versions/A/loginsupport
0x00007ff825355000 	/System/Library/PrivateFrameworks/Apple80211.framework/Versions/A/Apple80211
0x00007ff81b9ce000 	/System/Library/PrivateFrameworks/AuthKit.framework/Versions/A/AuthKit
0x00007ff81b023000 	/System/Library/PrivateFrameworks/CoreUtils.framework/Versions/A/CoreUtils
0x00007ff81af4a000 	/System/Library/Frameworks/CoreWLAN.framework/Versions/A/CoreWLAN
0x00007ff81ff46000 	/System/Library/Frameworks/IOBluetooth.framework/Versions/A/IOBluetooth
0x00007ff8253bd000 	/System/Library/PrivateFrameworks/CoreWiFi.framework/Versions/A/CoreWiFi
0x00007ff823d8c000 	/System/Library/PrivateFrameworks/FrontBoardServices.framework/Versions/A/FrontBoardServices
0x00007ff823e1d000 	/System/Library/PrivateFrameworks/BoardServices.framework/Versions/A/BoardServices
0x00007ff81b232000 	/System/Library/PrivateFrameworks/AssertionServices.framework/Versions/A/AssertionServices
0x00007ff825540000 	/System/Library/PrivateFrameworks/BackBoardServices.framework/Versions/A/BackBoardServices
0x00007ff81f332000 	/System/Library/PrivateFrameworks/CorePhoneNumbers.framework/Versions/A/CorePhoneNumbers
0x00007ff81ebf6000 	/System/Library/PrivateFrameworks/MultiverseSupport.framework/Versions/A/MultiverseSupport
0x00007ff8257b4000 	/System/Library/PrivateFrameworks/RemoteServiceDiscovery.framework/Versions/A/RemoteServiceDiscovery
0x00007ff82308a000 	/System/Library/PrivateFrameworks/DiskManagement.framework/Versions/A/DiskManagement
0x00007ff822f9e000 	/System/Library/PrivateFrameworks/AppleIDAuthSupport.framework/Versions/A/AppleIDAuthSupport
0x00007ffb11222000 	/System/Library/PrivateFrameworks/AAAFoundation.framework/Versions/A/AAAFoundation
0x00007ff81f313000 	/System/Library/PrivateFrameworks/KeychainCircle.framework/Versions/A/KeychainCircle
0x00007ff8257c4000 	/System/Library/PrivateFrameworks/RemoteXPC.framework/Versions/A/RemoteXPC
0x00007ff823056000 	/System/Library/PrivateFrameworks/MediaKit.framework/Versions/A/MediaKit
0x00007ff822faa000 	/System/Library/Frameworks/DiscRecording.framework/Versions/A/DiscRecording
0x00007ff81c8ec000 	/usr/lib/libCoreStorage.dylib
0x00007ff82582f000 	/usr/lib/libcsfde.dylib
0x00007ff820013000 	/System/Library/PrivateFrameworks/ProtectedCloudStorage.framework/Versions/A/ProtectedCloudStorage
0x00007ff82582b000 	/System/Library/PrivateFrameworks/EFILogin.framework/Versions/A/EFILogin
0x00007ff823708000 	/System/Library/PrivateFrameworks/OctagonTrust.framework/Versions/A/OctagonTrust
0x00007ffb15b0a000 	/System/Library/PrivateFrameworks/CoreUtilsExtras.framework/Versions/A/CoreUtilsExtras
0x00007ff822ed1000 	/System/Library/Frameworks/CoreBluetooth.framework/Versions/A/CoreBluetooth
0x00007ff825ec0000 	/System/Library/Frameworks/AudioUnit.framework/Versions/A/AudioUnit
0x00007ff81c8e4000 	/usr/lib/libMatch.1.dylib
0x00007ff91de3a000 	/System/Library/CoreServices/RawCamera.bundle/Contents/MacOS/RawCamera
0x00007ff81f2b1000 	/System/Library/PrivateFrameworks/MobileAsset.framework/Versions/A/MobileAsset
0x00007ff825ee7000 	/System/Library/PrivateFrameworks/StreamingZip.framework/Versions/A/StreamingZip
0x00007ffb12dfe000 	/System/Library/PrivateFrameworks/CMPhoto.framework/Versions/A/CMPhoto
0x00007ff82408d000 	/System/Library/PrivateFrameworks/AppleVPA.framework/Versions/A/AppleVPA
0x00007ff81dc91000 	/System/Library/Frameworks/MediaToolbox.framework/Versions/A/MediaToolbox
0x00007ff823539000 	/System/Library/PrivateFrameworks/CoreAVCHD.framework/Versions/A/CoreAVCHD
0x00007ff82240e000 	/System/Library/Frameworks/MediaAccessibility.framework/Versions/A/MediaAccessibility
0x00007ff823535000 	/System/Library/PrivateFrameworks/Mangrove.framework/Versions/A/Mangrove
0x00007ff822419000 	/System/Library/PrivateFrameworks/AlgosScoreFramework.framework/Versions/A/AlgosScoreFramework
0x00007ff82317a000 	/System/Library/PrivateFrameworks/CoreAUC.framework/Versions/A/CoreAUC
0x00007ff91b664000 	/System/Library/Frameworks/Accelerate.framework/Versions/A/Frameworks/vImage.framework/Versions/A/Libraries/libCGInterfaces.dylib
0x0000000141671000 	/usr/lib/libobjc-trampolines.dylib
0x00007ff81856a000 	/System/Library/PrivateFrameworks/ViewBridge.framework/Versions/A/ViewBridge
0x00007ffb2938f000 	/usr/lib/libRosetta.dylib
0x00007ffa29b08000 	/System/Library/Frameworks/OpenGL.framework/Versions/A/Resources/GLEngine.bundle/GLEngine
0x00007ffa2996e000 	/System/Library/Frameworks/OpenGL.framework/Versions/A/Libraries/libGLProgrammability.dylib
0x0000000143168000 	/System/Library/Extensions/AppleMetalOpenGLRenderer.bundle/Contents/MacOS/AppleMetalOpenGLRenderer
0x00007ffa29c92000 	/System/Library/Frameworks/OpenGL.framework/Versions/A/Resources/GLRendererFloat.bundle/GLRendererFloat
0x00007ffa2baaa000 	/System/Library/Extensions/AGXMetal13_3.bundle/Contents/MacOS/AGXMetal13_3
0x00007ff91705b000 	/System/Library/PrivateFrameworks/GPURawCounter.framework/Versions/A/GPURawCounter
0x00007ff911967000 	/System/Library/PrivateFrameworks/IOGPU.framework/Versions/A/IOGPU
0x00007ff81d03a000 	/System/Library/PrivateFrameworks/login.framework/Versions/A/login
0x000000013a139000 	/Library/Java/JavaVirtualMachines/jdk-18.0.2.1.jdk/Contents/Home/lib/libosxui.dylib
0x0000000143579000 	/Library/Java/JavaVirtualMachines/jdk-18.0.2.1.jdk/Contents/Home/lib/libverify.dylib
0x0000000143683000 	/private/var/folders/m0/07166jd900l6srbn0w1pn9gw0000gp/T/BridJExtractedLibraries11771276289661633827/libbridj.dylib
0x0000000143709000 	/private/var/folders/m0/07166jd900l6srbn0w1pn9gw0000gp/T/BridJExtractedLibraries11771276289661633827/libOpenIMAJGrabber.dylib
0x00007ff9163ab000 	/System/Library/Frameworks/AVFoundation.framework/Versions/A/AVFoundation
0x00007ffa2dfcc000 	/System/Library/Frameworks/AVFAudio.framework/Versions/A/AVFAudio
0x00007ff823b9c000 	/System/Library/PrivateFrameworks/AVFCore.framework/Versions/A/AVFCore
0x00007ff910816000 	/System/Library/PrivateFrameworks/AVFCapture.framework/Versions/A/AVFCapture
0x00007ff91501e000 	/System/Library/PrivateFrameworks/AirPlaySync.framework/Versions/A/AirPlaySync
0x00007ffb12de7000 	/System/Library/PrivateFrameworks/CMImaging.framework/Versions/A/CMImaging
0x00007ff910968000 	/System/Library/PrivateFrameworks/Quagga.framework/Versions/A/Quagga
0x00007ff910a2c000 	/System/Library/PrivateFrameworks/CMCapture.framework/Versions/A/CMCapture
0x00007ff81ecb8000 	/System/Library/Frameworks/CoreMediaIO.framework/Versions/A/CoreMediaIO
0x00007ff825fe8000 	/System/Library/PrivateFrameworks/Espresso.framework/Versions/A/Espresso
0x00007ff8258b1000 	/System/Library/PrivateFrameworks/AppSupport.framework/Versions/A/AppSupport
0x00007ffa1c544000 	/System/Library/PrivateFrameworks/ANECompiler.framework/Versions/A/ANECompiler
0x00007ff827c38000 	/System/Library/PrivateFrameworks/AppleNeuralEngine.framework/Versions/A/AppleNeuralEngine
0x00007ffb193bd000 	/System/Library/PrivateFrameworks/MIL.framework/Versions/A/MIL
0x00007ffa2f3c8000 	/System/Library/Frameworks/MetalPerformanceShadersGraph.framework/Versions/A/MetalPerformanceShadersGraph
0x00007ff826b87000 	/System/Library/PrivateFrameworks/ANEServices.framework/Versions/A/ANEServices
0x00007ff91ae0b000 	/usr/lib/libncurses.5.4.dylib
0x00007ff827d25000 	/System/Library/Frameworks/QTKit.framework/Versions/A/QTKit
0x00000001437f6000 	/System/Library/Frameworks/CoreMediaIO.framework/Versions/A/Resources/AppleCamera.plugin/Contents/MacOS/AppleCamera
0x00000001438ec000 	/System/Library/Frameworks/CoreMediaIO.framework/Versions/A/Resources/AppleH13CameraInterface.plugin/Contents/MacOS/AppleH13CameraInterface
0x00000001b8dd6000 	/System/Library/Frameworks/CoreMediaIO.framework/Versions/A/Resources/BaseUnits/CMIOBaseUnits.bundle/Contents/MacOS/CMIOBaseUnits
0x00007ff822482000 	/System/Library/Frameworks/Vision.framework/Versions/A/Vision
0x00007ff91d1ef000 	/System/Library/Frameworks/Vision.framework/libfaceCore.dylib
0x00007ff91dd86000 	/System/Library/PrivateFrameworks/Futhark.framework/Versions/A/Futhark
0x00007ff818b2d000 	/System/Library/Frameworks/CoreML.framework/Versions/A/CoreML
0x00007ff92080f000 	/System/Library/PrivateFrameworks/InertiaCam.framework/Versions/A/InertiaCam
0x00007ff91dc1f000 	/System/Library/PrivateFrameworks/TextRecognition.framework/Versions/A/TextRecognition
0x00007ff825f13000 	/System/Library/PrivateFrameworks/DuetActivityScheduler.framework/Versions/A/DuetActivityScheduler
0x00007ff81b61a000 	/System/Library/Frameworks/MLCompute.framework/Versions/A/MLCompute
0x00007ff818897000 	/System/Library/Frameworks/CloudKit.framework/Versions/A/CloudKit
0x00007ffb1954c000 	/System/Library/PrivateFrameworks/MLAssetIO.framework/Versions/A/MLAssetIO
0x00007ff8147c6000 	/System/Library/PrivateFrameworks/CoreDuet.framework/Versions/A/CoreDuet
0x00007ff824cd4000 	/System/Library/PrivateFrameworks/CoreDuetContext.framework/Versions/A/CoreDuetContext
0x00007ff81c7af000 	/System/Library/PrivateFrameworks/CrashReporterSupport.framework/Versions/A/CrashReporterSupport
0x00007ff823a88000 	/System/Library/Frameworks/CoreTelephony.framework/Versions/A/CoreTelephony
0x00007ff826ceb000 	/System/Library/PrivateFrameworks/CoreDuetDebugLogging.framework/Versions/A/CoreDuetDebugLogging
0x00007ff818848000 	/System/Library/PrivateFrameworks/ApplePushService.framework/Versions/A/ApplePushService
0x00007ff824d2b000 	/System/Library/Frameworks/Intents.framework/Versions/A/Intents
0x00007ff826cee000 	/System/Library/PrivateFrameworks/CoreDuetDaemonProtocol.framework/Versions/A/CoreDuetDaemonProtocol
0x00007ff826ba7000 	/System/Library/PrivateFrameworks/ProactiveSupport.framework/Versions/A/ProactiveSupport
0x00007ff8242d2000 	/System/Library/PrivateFrameworks/Rapport.framework/Versions/A/Rapport
0x00007ff92307b000 	/System/Library/PrivateFrameworks/OSAnalytics.framework/Versions/A/OSAnalytics
0x00007ff92e22d000 	/System/Library/PrivateFrameworks/Symbolication.framework/Versions/A/Symbolication
0x00007ff91701d000 	/System/Library/PrivateFrameworks/MallocStackLogging.framework/Versions/A/MallocStackLogging
0x00007ff8170d9000 	/System/Library/PrivateFrameworks/CommonUtilities.framework/Versions/A/CommonUtilities
0x00007ff81f33b000 	/usr/lib/libTelephonyUtilDynamic.dylib
0x00007ff81d1e7000 	/System/Library/PrivateFrameworks/Bom.framework/Versions/A/Bom
0x00007ff81ec06000 	/usr/lib/libParallelCompression.dylib
0x00007ff82243e000 	/System/Library/PrivateFrameworks/CoreDaemon.framework/Versions/B/CoreDaemon
0x00007ff822439000 	/System/Library/PrivateFrameworks/AppleSRP.framework/Versions/A/AppleSRP
0x00007ff81b2da000 	/System/Library/Frameworks/ServiceManagement.framework/Versions/A/ServiceManagement
0x00007ff825f6c000 	/System/Library/PrivateFrameworks/C2.framework/Versions/A/C2
0x00007ff81981d000 	/System/Library/Frameworks/CoreLocation.framework/Versions/A/CoreLocation
0x00007ffb13005000 	/System/Library/PrivateFrameworks/CloudKitDistributedSync.framework/Versions/A/CloudKitDistributedSync
0x00007ff825f64000 	/System/Library/Frameworks/PushKit.framework/Versions/A/PushKit
0x00007ff8242c8000 	/System/Library/PrivateFrameworks/CoreTime.framework/Versions/A/CoreTime
0x00007ff827a5d000 	/System/Library/PrivateFrameworks/RTCReporting.framework/Versions/A/RTCReporting
0x00007ff8202dc000 	/System/Library/PrivateFrameworks/GeoServices.framework/Versions/A/GeoServices
0x00007ff81e939000 	/System/Library/PrivateFrameworks/LocationSupport.framework/Versions/A/LocationSupport
0x00007ffb17093000 	/System/Library/PrivateFrameworks/GeoServicesCore.framework/Versions/A/GeoServicesCore
0x00007ff9127ff000 	/System/Library/PrivateFrameworks/PhoneNumbers.framework/Versions/A/PhoneNumbers
0x00007ff81c8ad000 	/System/Library/PrivateFrameworks/PlugInKit.framework/Versions/A/PlugInKit
0x00007ff825f55000 	/System/Library/PrivateFrameworks/IntentsFoundation.framework/Versions/A/IntentsFoundation
0x00007ff825aaa000 	/System/Library/PrivateFrameworks/InternationalTextSearch.framework/Versions/A/InternationalTextSearch
0x00007ff81c7de000 	/System/Library/PrivateFrameworks/CVNLP.framework/Versions/A/CVNLP
0x00007ff822d3d000 	/System/Library/Frameworks/Contacts.framework/Versions/A/Contacts
0x00007ff916da2000 	/System/Library/Frameworks/NaturalLanguage.framework/Versions/A/NaturalLanguage
0x00007ff8166f5000 	/System/Library/PrivateFrameworks/Montreal.framework/Versions/A/Montreal
0x00007ff822b76000 	/System/Library/PrivateFrameworks/ContactsPersistence.framework/Versions/A/ContactsPersistence
0x00007ff822be9000 	/System/Library/PrivateFrameworks/AddressBookCore.framework/Versions/A/AddressBookCore
0x00007ff821d46000 	/System/Library/PrivateFrameworks/AppleLDAP.framework/Versions/A/AppleLDAP
0x00007ff825aad000 	/System/Library/Frameworks/ClassKit.framework/Versions/A/ClassKit
0x00007ff8274d2000 	/System/Library/PrivateFrameworks/CoreSuggestions.framework/Versions/A/CoreSuggestions
0x00007ff822ad2000 	/System/Library/PrivateFrameworks/ContactsFoundation.framework/Versions/A/ContactsFoundation
0x00007ff823e71000 	/System/Library/PrivateFrameworks/vCard.framework/Versions/A/vCard
0x00007ffb1363f000 	/System/Library/PrivateFrameworks/ContactsMetrics.framework/Versions/A/ContactsMetrics
0x00007ff920a38000 	/usr/lib/swift/libswiftCloudKit.dylib
0x00007ff81e44c000 	/usr/lib/swift/libswiftCore.dylib
0x00007ff91c09d000 	/usr/lib/swift/libswiftCoreData.dylib
0x00007ff917068000 	/usr/lib/swift/libswiftCoreFoundation.dylib
0x00007ff915310000 	/usr/lib/swift/libswiftCoreGraphics.dylib
0x00007ff91b681000 	/usr/lib/swift/libswiftCoreLocation.dylib
0x00007ff91531a000 	/usr/lib/swift/libswiftDarwin.dylib
0x00007ff823b86000 	/usr/lib/swift/libswiftDispatch.dylib
0x00007ff822784000 	/usr/lib/swift/libswiftFoundation.dylib
0x00007ff917075000 	/usr/lib/swift/libswiftIOKit.dylib
0x00007ff825f3b000 	/usr/lib/swift/libswiftObjectiveC.dylib
0x00007ff917073000 	/usr/lib/swift/libswiftXPC.dylib
0x00007ff825f3d000 	/usr/lib/swift/libswiftos.dylib
0x00007ffb29fd3000 	/usr/lib/swift/libswift_Concurrency.dylib
0x00007ff8201dc000 	/System/Library/Frameworks/Combine.framework/Versions/A/Combine
0x00007ff818a89000 	/System/Library/PrivateFrameworks/CloudDocs.framework/Versions/A/CloudDocs
0x00007ff825fad000 	/System/Library/Frameworks/QuickLookThumbnailing.framework/Versions/A/QuickLookThumbnailing
0x00007ff825b5f000 	/System/Library/PrivateFrameworks/AppleAccount.framework/Versions/A/AppleAccount
0x00007ff81fffa000 	/System/Library/PrivateFrameworks/AppContainer.framework/Versions/A/AppContainer
0x00007ff81fab6000 	/System/Library/PrivateFrameworks/IDS.framework/Versions/A/IDS
0x00007ff825cb7000 	/System/Library/PrivateFrameworks/AppleIDSSOAuthentication.framework/Versions/A/AppleIDSSOAuthentication
0x00007ff81e8c6000 	/System/Library/PrivateFrameworks/IMFoundation.framework/Versions/A/IMFoundation
0x00007ff912003000 	/System/Library/PrivateFrameworks/Marco.framework/Versions/A/Marco
0x00007ff81fc2a000 	/System/Library/PrivateFrameworks/IDSFoundation.framework/Versions/A/IDSFoundation
0x00007ff916c50000 	/System/Library/PrivateFrameworks/FTServices.framework/Versions/A/FTServices
0x00007ff829715000 	/System/Library/PrivateFrameworks/Engram.framework/Versions/A/Engram
0x00007ff8296bc000 	/usr/lib/libtidy.A.dylib
0x00007ff920fa3000 	/System/Library/PrivateFrameworks/FTAWD.framework/Versions/A/FTAWD
0x00007ff82000f000 	/System/Library/PrivateFrameworks/SecCodeWrapper.framework/Versions/A/SecCodeWrapper
0x00007ff81bb64000 	/System/Library/Frameworks/CoreSpotlight.framework/Versions/A/CoreSpotlight
0x00007ff912346000 	/System/Library/PrivateFrameworks/ProactiveEventTracker.framework/Versions/A/ProactiveEventTracker
0x00007ffb1b7e9000 	/System/Library/PrivateFrameworks/Portrait.framework/Versions/A/Portrait
0x00007ffb126b6000 	/System/Library/PrivateFrameworks/AppleDepth.framework/Versions/A/AppleDepth
0x00007ffb16948000 	/System/Library/PrivateFrameworks/FusionTracker.framework/Versions/A/FusionTracker
0x00000001b9156000 	/System/Library/Frameworks/CoreMediaIO.framework/Versions/A/Resources/CMIOUnits.bundle/Contents/MacOS/CMIOUnits
0x00007ff923a12000 	/System/Library/PrivateFrameworks/FWAVC.framework/Versions/A/FWAVC
0x00000001ba75d000 	/System/Library/Components/AudioCodecs.component/Contents/MacOS/AudioCodecs


VM Arguments:
jvm_args: -XX:+ShowCodeDetailsInExceptionMessages 
java_command: WebcamViewerExample
java_class_path (initial): /Users/elocolburn/Library/Application Support/Code/User/workspaceStorage/b64c3cbc393b92d9633cbbea1150d04a/redhat.java/jdt_ws/neural-network_9cf64a85/bin:/Users/elocolburn/Desktop/neural-network/library/slf4j-api-1.7.2.jar:/Users/elocolburn/Desktop/neural-network/library/webcam-capture-0.3.13-20200330.202351-7.jar:/Users/elocolburn/Desktop/neural-network/library/slf4j-simple-1.7.9.jar:/Users/elocolburn/Desktop/neural-network/library/bridj-0.7-20140918-3.jar:/Users/elocolburn/Desktop/neural-network/lib/junit-platform-console-standalone-1.9.1.jar
Launcher Type: SUN_STANDARD

[Global flags]
     intx CICompilerCount                          = 4                                         {product} {ergonomic}
     uint ConcGCThreads                            = 2                                         {product} {ergonomic}
     uint G1ConcRefinementThreads                  = 8                                         {product} {ergonomic}
   size_t G1HeapRegionSize                         = 2097152                                   {product} {ergonomic}
    uintx GCDrainStackTargetSize                   = 64                                        {product} {ergonomic}
   size_t InitialHeapSize                          = 268435456                                 {product} {ergonomic}
   size_t MarkStackSize                            = 4194304                                   {product} {ergonomic}
   size_t MaxHeapSize                              = 4294967296                                {product} {ergonomic}
   size_t MaxNewSize                               = 2575302656                                {product} {ergonomic}
   size_t MinHeapDeltaBytes                        = 2097152                                   {product} {ergonomic}
   size_t MinHeapSize                              = 8388608                                   {product} {ergonomic}
    uintx NonNMethodCodeHeapSize                   = 5839372                                {pd product} {ergonomic}
    uintx NonProfiledCodeHeapSize                  = 122909434                              {pd product} {ergonomic}
    uintx ProfiledCodeHeapSize                     = 122909434                              {pd product} {ergonomic}
    uintx ReservedCodeCacheSize                    = 251658240                              {pd product} {ergonomic}
     bool SegmentedCodeCache                       = true                                      {product} {ergonomic}
     bool ShowCodeDetailsInExceptionMessages       = true                                   {manageable} {command line}
   size_t SoftMaxHeapSize                          = 4294967296                             {manageable} {ergonomic}
     bool UseCompressedClassPointers               = true                           {product lp64_product} {ergonomic}
     bool UseCompressedOops                        = true                           {product lp64_product} {ergonomic}
     bool UseG1GC                                  = true                                      {product} {ergonomic}
     bool UseNUMA                                  = false                                     {product} {ergonomic}
     bool UseNUMAInterleaving                      = false                                     {product} {ergonomic}

Logging:
Log output configuration:
 #0: stdout all=warning uptime,level,tags foldmultilines=false
 #1: stderr all=off uptime,level,tags foldmultilines=false

Environment Variables:
PATH=/opt/homebrew/bin:/opt/homebrew/sbin:/Library/Frameworks/Python.framework/Versions/3.10/bin:/opt/local/bin:/opt/local/sbin:/usr/local/bin:/usr/bin:/bin:/usr/sbin:/sbin:/usr/local/go/bin:/opt/homebrew/bin:/opt/homebrew/sbin:/Library/Frameworks/Python.framework/Versions/3.10/bin:/opt/local/bin:/opt/local/sbin:/Users/elocolburn/.cargo/bin
SHELL=/bin/zsh
LANG=en_US.UTF-8
LC_ALL=en_US.UTF-8

Signal Handlers:
   SIGSEGV: crash_handler in libjvm.dylib, mask=11100110100111111111111111111111, flags=SA_RESTART|SA_SIGINFO
    SIGBUS: crash_handler in libjvm.dylib, mask=11100110100111111111111111111111, flags=SA_RESTART|SA_SIGINFO
    SIGFPE: crash_handler in libjvm.dylib, mask=11100110100111111111111111111111, flags=SA_RESTART|SA_SIGINFO
   SIGPIPE: javaSignalHandler in libjvm.dylib, mask=11100110100111111111111111111111, flags=SA_RESTART|SA_SIGINFO
   SIGXFSZ: javaSignalHandler in libjvm.dylib, mask=11100110100111111111111111111111, flags=SA_RESTART|SA_SIGINFO
    SIGILL: crash_handler in libjvm.dylib, mask=11100110100111111111111111111111, flags=SA_RESTART|SA_SIGINFO
   SIGUSR2: SR_handler in libjvm.dylib, mask=00000000000000000000000000000000, flags=SA_RESTART|SA_SIGINFO
    SIGHUP: UserHandler in libjvm.dylib, mask=11100110100111111111111111111111, flags=SA_RESTART|SA_SIGINFO
    SIGINT: UserHandler in libjvm.dylib, mask=11100110100111111111111111111111, flags=SA_RESTART|SA_SIGINFO
   SIGTERM: UserHandler in libjvm.dylib, mask=11100110100111111111111111111111, flags=SA_RESTART|SA_SIGINFO
   SIGQUIT: UserHandler in libjvm.dylib, mask=11100110100111111111111111111111, flags=SA_RESTART|SA_SIGINFO
   SIGTRAP: crash_handler in libjvm.dylib, mask=11100110100111111111111111111111, flags=SA_RESTART|SA_SIGINFO


---------------  S Y S T E M  ---------------

OS:
uname: Darwin 21.6.0 Darwin Kernel Version 21.6.0: Mon Aug 22 20:20:05 PDT 2022; root:xnu-8020.140.49~2/RELEASE_ARM64_T8101 x86_64
OS uptime: 63 days 23:52 hours
rlimit (soft/hard): STACK 8176k/65520k , CORE 0k/infinity , NPROC 2666/4000 , NOFILE 10240/infinity , AS infinity/infinity , CPU infinity/infinity , DATA infinity/infinity , FSIZE infinity/infinity , MEMLOCK infinity/infinity , RSS infinity/infinity
load average: 2.88 3.62 3.06

CPU: (EMULATED) total 8 (initial active 8) (1 cores per cpu, 1 threads per core) family 6 model 44 stepping 0 microcode 0x0, cx8, cmov, fxsr, mmx, sse, sse2, sse3, ssse3, sse4.1, sse4.2, popcnt, tsc, tscinvbit, aes, clmul, clflush

Memory: 4k page, physical 16777216k(23740k free), swap 4194304k(496128k free)

vm_info: Java HotSpot(TM) 64-Bit Server VM (18.0.2.1+1-1) for bsd-amd64 JRE (18.0.2.1+1-1), built on Aug 16 2022 00:46:02 by "mach5one" with clang Apple LLVM 12.0.0 (clang-1200.0.32.29)

END.
